{"/home/cipriand/src/elrond/dapp-core/src/UI/Denominate/index.tsx": {"path":"/home/cipriand/src/elrond/dapp-core/src/UI/Denominate/index.tsx","statementMap":{"0":{"start":{"line":1,"column":0},"end":{"line":1,"column":26}},"1":{"start":{"line":2,"column":0},"end":{"line":2,"column":36}},"2":{"start":{"line":3,"column":0},"end":{"line":3,"column":49}},"3":{"start":{"line":4,"column":0},"end":{"line":4,"column":null}},"4":{"start":{"line":10,"column":0},"end":{"line":10,"column":57}},"5":{"start":{"line":11,"column":0},"end":{"line":11,"column":67}},"6":{"start":{"line":12,"column":0},"end":{"line":12,"column":39}},"7":{"start":{"line":14,"column":26},"end":{"line":27,"column":1}},"8":{"start":{"line":15,"column":2},"end":{"line":26,"column":4}},"9":{"start":{"line":29,"column":24},"end":{"line":86,"column":1}},"10":{"start":{"line":30,"column":70},"end":{"line":30,"column":75}},"11":{"start":{"line":32,"column":4},"end":{"line":32,"column":66}},"12":{"start":{"line":34,"column":4},"end":{"line":34,"column":78}},"13":{"start":{"line":36,"column":27},"end":{"line":42,"column":4}},"14":{"start":{"line":44,"column":21},"end":{"line":44,"column":48}},"15":{"start":{"line":45,"column":24},"end":{"line":45,"column":47}},"16":{"start":{"line":46,"column":20},"end":{"line":46,"column":44}},"17":{"start":{"line":48,"column":2},"end":{"line":56,"column":null}},"18":{"start":{"line":49,"column":16},"end":{"line":49,"column":18}},"19":{"start":{"line":51,"column":4},"end":{"line":53,"column":null}},"20":{"start":{"line":51,"column":17},"end":{"line":51,"column":18}},"21":{"start":{"line":52,"column":6},"end":{"line":52,"column":26}},"22":{"start":{"line":55,"column":4},"end":{"line":55,"column":27}},"23":{"start":{"line":58,"column":2},"end":{"line":85,"column":4}},"24":{"start":{"line":88,"column":28},"end":{"line":94,"column":1}},"25":{"start":{"line":89,"column":20},"end":{"line":89,"column":25}},"26":{"start":{"line":91,"column":2},"end":{"line":93,"column":52}},"27":{"start":{"line":99,"column":26},"end":{"line":105,"column":1}},"28":{"start":{"line":100,"column":20},"end":{"line":100,"column":55}},"29":{"start":{"line":102,"column":23},"end":{"line":102,"column":49}},"30":{"start":{"line":104,"column":2},"end":{"line":104,"column":54}},"31":{"start":{"line":99,"column":13},"end":{"line":99,"column":26}}},"fnMap":{"0":{"name":"(anonymous_1)","decl":{"start":{"line":14,"column":26},"end":{"line":14,"column":27}},"loc":{"start":{"line":14,"column":52},"end":{"line":27,"column":1}}},"1":{"name":"(anonymous_2)","decl":{"start":{"line":29,"column":24},"end":{"line":29,"column":25}},"loc":{"start":{"line":29,"column":68},"end":{"line":86,"column":1}}},"2":{"name":"(anonymous_3)","decl":{"start":{"line":88,"column":28},"end":{"line":88,"column":29}},"loc":{"start":{"line":88,"column":54},"end":{"line":94,"column":1}}},"3":{"name":"(anonymous_4)","decl":{"start":{"line":99,"column":26},"end":{"line":99,"column":27}},"loc":{"start":{"line":99,"column":52},"end":{"line":105,"column":1}}}},"branchMap":{"0":{"loc":{"start":{"line":18,"column":8},"end":{"line":18,"column":75}},"type":"cond-expr","locations":[{"start":{"line":18,"column":31},"end":{"line":18,"column":51}},{"start":{"line":18,"column":54},"end":{"line":18,"column":75}}]},"1":{"loc":{"start":{"line":30,"column":17},"end":{"line":30,"column":47}},"type":"default-arg","locations":[{"start":{"line":30,"column":42},"end":{"line":30,"column":47}}]},"2":{"loc":{"start":{"line":30,"column":49},"end":{"line":30,"column":65}},"type":"default-arg","locations":[{"start":{"line":30,"column":61},"end":{"line":30,"column":65}}]},"3":{"loc":{"start":{"line":32,"column":4},"end":{"line":32,"column":66}},"type":"cond-expr","locations":[{"start":{"line":32,"column":35},"end":{"line":32,"column":49}},{"start":{"line":32,"column":52},"end":{"line":32,"column":66}}]},"4":{"loc":{"start":{"line":34,"column":4},"end":{"line":34,"column":78}},"type":"cond-expr","locations":[{"start":{"line":34,"column":39},"end":{"line":34,"column":57}},{"start":{"line":34,"column":60},"end":{"line":34,"column":78}}]},"5":{"loc":{"start":{"line":48,"column":2},"end":{"line":56,"column":null}},"type":"if","locations":[{"start":{"line":48,"column":2},"end":{"line":56,"column":null}}]},"6":{"loc":{"start":{"line":48,"column":6},"end":{"line":48,"column":48}},"type":"binary-expr","locations":[{"start":{"line":48,"column":6},"end":{"line":48,"column":18}},{"start":{"line":48,"column":22},"end":{"line":48,"column":35}},{"start":{"line":48,"column":39},"end":{"line":48,"column":48}}]},"7":{"loc":{"start":{"line":61,"column":8},"end":{"line":61,"column":75}},"type":"cond-expr","locations":[{"start":{"line":61,"column":31},"end":{"line":61,"column":51}},{"start":{"line":61,"column":54},"end":{"line":61,"column":75}}]},"8":{"loc":{"start":{"line":68,"column":7},"end":{"line":71,"column":null}},"type":"binary-expr","locations":[{"start":{"line":68,"column":7},"end":{"line":68,"column":28}},{"start":{"line":69,"column":8},"end":{"line":70,"column":null}}]},"9":{"loc":{"start":{"line":73,"column":7},"end":{"line":82,"column":null}},"type":"binary-expr","locations":[{"start":{"line":73,"column":7},"end":{"line":73,"column":16}},{"start":{"line":74,"column":8},"end":{"line":81,"column":null}}]},"10":{"loc":{"start":{"line":77,"column":12},"end":{"line":77,"column":49}},"type":"binary-expr","locations":[{"start":{"line":77,"column":12},"end":{"line":77,"column":23}},{"start":{"line":77,"column":27},"end":{"line":77,"column":49}}]},"11":{"loc":{"start":{"line":81,"column":17},"end":{"line":81,"column":53}},"type":"cond-expr","locations":[{"start":{"line":81,"column":31},"end":{"line":81,"column":42}},{"start":{"line":81,"column":45},"end":{"line":81,"column":53}}]},"12":{"loc":{"start":{"line":91,"column":9},"end":{"line":93,"column":51}},"type":"cond-expr","locations":[{"start":{"line":92,"column":6},"end":{"line":92,"column":30}},{"start":{"line":93,"column":6},"end":{"line":93,"column":51}}]},"13":{"loc":{"start":{"line":93,"column":29},"end":{"line":93,"column":50}},"type":"binary-expr","locations":[{"start":{"line":93,"column":29},"end":{"line":93,"column":44}},{"start":{"line":93,"column":48},"end":{"line":93,"column":50}}]},"14":{"loc":{"start":{"line":100,"column":20},"end":{"line":100,"column":55}},"type":"binary-expr","locations":[{"start":{"line":100,"column":20},"end":{"line":100,"column":35}},{"start":{"line":100,"column":39},"end":{"line":100,"column":55}}]}},"s":{"0":1,"1":1,"2":1,"3":1,"4":1,"5":1,"6":1,"7":1,"8":0,"9":1,"10":6,"11":6,"12":6,"13":6,"14":6,"15":6,"16":6,"17":6,"18":3,"19":3,"20":3,"21":6,"22":3,"23":6,"24":1,"25":6,"26":6,"27":1,"28":6,"29":6,"30":6,"31":1},"f":{"0":0,"1":6,"2":6,"3":6},"b":{"0":[0,0],"1":[0],"2":[0],"3":[6,0],"4":[0,6],"5":[3],"6":[6,6,4],"7":[0,6],"8":[6,5],"9":[6,4],"10":[4,0],"11":[0,4],"12":[0,6],"13":[6,0],"14":[6,0]}}
,"/home/cipriand/src/elrond/dapp-core/src/components/TransactionsInterpreter/helpers/getDenominatedValue.ts": {"path":"/home/cipriand/src/elrond/dapp-core/src/components/TransactionsInterpreter/helpers/getDenominatedValue.ts","statementMap":{"0":{"start":{"line":1,"column":0},"end":{"line":1,"column":51}},"1":{"start":{"line":2,"column":0},"end":{"line":2,"column":57}},"2":{"start":{"line":14,"column":16},"end":{"line":14,"column":33}},"3":{"start":{"line":16,"column":2},"end":{"line":21,"column":5}},"4":{"start":{"line":6,"column":0},"end":{"line":6,"column":16}}},"fnMap":{"0":{"name":"getDenominatedValue","decl":{"start":{"line":6,"column":16},"end":{"line":6,"column":35}},"loc":{"start":{"line":12,"column":3},"end":{"line":22,"column":1}}}},"branchMap":{"0":{"loc":{"start":{"line":8,"column":2},"end":{"line":12,"column":null}},"type":"default-arg","locations":[{"start":{"line":8,"column":75},"end":{"line":12,"column":null}}]}},"s":{"0":1,"1":1,"2":4,"3":4,"4":1},"f":{"0":4},"b":{"0":[2]}}
,"/home/cipriand/src/elrond/dapp-core/src/components/TransactionsInterpreter/helpers/getHumanReadableTimeFormat.ts": {"path":"/home/cipriand/src/elrond/dapp-core/src/components/TransactionsInterpreter/helpers/getHumanReadableTimeFormat.ts","statementMap":{"0":{"start":{"line":1,"column":0},"end":{"line":1,"column":28}},"1":{"start":{"line":11,"column":2},"end":{"line":15,"column":null}},"2":{"start":{"line":12,"column":4},"end":{"line":14,"column":67}},"3":{"start":{"line":16,"column":2},"end":{"line":18,"column":4}},"4":{"start":{"line":6,"column":0},"end":{"line":6,"column":16}}},"fnMap":{"0":{"name":"getHumanReadableTimeFormat","decl":{"start":{"line":6,"column":16},"end":{"line":6,"column":42}},"loc":{"start":{"line":9,"column":15},"end":{"line":19,"column":1}}}},"branchMap":{"0":{"loc":{"start":{"line":11,"column":2},"end":{"line":15,"column":null}},"type":"if","locations":[{"start":{"line":11,"column":2},"end":{"line":15,"column":null}}]},"1":{"loc":{"start":{"line":14,"column":35},"end":{"line":14,"column":57}},"type":"cond-expr","locations":[{"start":{"line":14,"column":47},"end":{"line":14,"column":49}},{"start":{"line":14,"column":52},"end":{"line":14,"column":57}}]},"2":{"loc":{"start":{"line":17,"column":25},"end":{"line":17,"column":47}},"type":"cond-expr","locations":[{"start":{"line":17,"column":37},"end":{"line":17,"column":39}},{"start":{"line":17,"column":42},"end":{"line":17,"column":47}}]}},"s":{"0":1,"1":4,"2":2,"3":2,"4":1},"f":{"0":4},"b":{"0":[2],"1":[1,1],"2":[1,1]}}
,"/home/cipriand/src/elrond/dapp-core/src/components/TransactionsInterpreter/helpers/getNetworkLink.ts": {"path":"/home/cipriand/src/elrond/dapp-core/src/components/TransactionsInterpreter/helpers/getNetworkLink.ts","statementMap":{"0":{"start":{"line":2,"column":2},"end":{"line":5,"column":null}},"1":{"start":{"line":3,"column":4},"end":{"line":3,"column":52}},"2":{"start":{"line":4,"column":4},"end":{"line":4,"column":18}},"3":{"start":{"line":7,"column":2},"end":{"line":7,"column":58}},"4":{"start":{"line":1,"column":0},"end":{"line":1,"column":16}}},"fnMap":{"0":{"name":"getNetworkLink","decl":{"start":{"line":1,"column":16},"end":{"line":1,"column":30}},"loc":{"start":{"line":1,"column":66},"end":{"line":8,"column":1}}}},"branchMap":{"0":{"loc":{"start":{"line":2,"column":2},"end":{"line":5,"column":null}},"type":"if","locations":[{"start":{"line":2,"column":2},"end":{"line":5,"column":null}}]},"1":{"loc":{"start":{"line":7,"column":9},"end":{"line":7,"column":57}},"type":"cond-expr","locations":[{"start":{"line":7,"column":27},"end":{"line":7,"column":52}},{"start":{"line":7,"column":55},"end":{"line":7,"column":57}}]}},"s":{"0":2,"1":1,"2":1,"3":2,"4":1},"f":{"0":2},"b":{"0":[1],"1":[1,1]}}
,"/home/cipriand/src/elrond/dapp-core/src/components/TransactionsInterpreter/helpers/getOperationsMessages.ts": {"path":"/home/cipriand/src/elrond/dapp-core/src/components/TransactionsInterpreter/helpers/getOperationsMessages.ts","statementMap":{"0":{"start":{"line":4,"column":2},"end":{"line":8,"column":4}},"1":{"start":{"line":6,"column":27},"end":{"line":6,"column":44}},"2":{"start":{"line":7,"column":48},"end":{"line":7,"column":65}},"3":{"start":{"line":3,"column":0},"end":{"line":3,"column":16}}},"fnMap":{"0":{"name":"getOperationsMessages","decl":{"start":{"line":3,"column":16},"end":{"line":3,"column":37}},"loc":{"start":{"line":3,"column":66},"end":{"line":9,"column":1}}},"1":{"name":"(anonymous_1)","decl":{"start":{"line":6,"column":12},"end":{"line":6,"column":13}},"loc":{"start":{"line":6,"column":27},"end":{"line":6,"column":44}}},"2":{"name":"(anonymous_2)","decl":{"start":{"line":7,"column":14},"end":{"line":7,"column":15}},"loc":{"start":{"line":7,"column":48},"end":{"line":7,"column":65}}}},"branchMap":{"0":{"loc":{"start":{"line":5,"column":4},"end":{"line":7,"column":72}},"type":"cond-expr","locations":[{"start":{"line":7,"column":66},"end":{"line":7,"column":70}},{"start":{"line":7,"column":70},"end":{"line":7,"column":72}}]},"1":{"loc":{"start":{"line":5,"column":4},"end":{"line":7,"column":70}},"type":"binary-expr","locations":[{"start":{"line":5,"column":4},"end":{"line":7,"column":70}},{"start":{"line":7,"column":66},"end":{"line":7,"column":70}}]},"2":{"loc":{"start":{"line":5,"column":4},"end":{"line":7,"column":66}},"type":"cond-expr","locations":[{"start":{"line":5,"column":27},"end":{"line":5,"column":null}},{"start":{"line":5,"column":27},"end":{"line":7,"column":66}}]},"3":{"loc":{"start":{"line":5,"column":4},"end":{"line":5,"column":null}},"type":"binary-expr","locations":[{"start":{"line":5,"column":4},"end":{"line":5,"column":null}},{"start":{"line":5,"column":27},"end":{"line":5,"column":null}}]},"4":{"loc":{"start":{"line":5,"column":4},"end":{"line":5,"column":27}},"type":"cond-expr","locations":[{"start":{"line":5,"column":15},"end":{"line":5,"column":17}},{"start":{"line":5,"column":4},"end":{"line":5,"column":27}}]},"5":{"loc":{"start":{"line":5,"column":4},"end":{"line":5,"column":17}},"type":"binary-expr","locations":[{"start":{"line":5,"column":4},"end":{"line":5,"column":17}},{"start":{"line":5,"column":4},"end":{"line":5,"column":17}}]}},"s":{"0":2,"1":2,"2":2,"3":1},"f":{"0":2,"1":2,"2":2},"b":{"0":[1,1],"1":[2,2],"2":[1,1],"3":[2,2],"4":[0,2],"5":[2,2]}}
,"/home/cipriand/src/elrond/dapp-core/src/components/TransactionsInterpreter/helpers/getReceiptMessage.ts": {"path":"/home/cipriand/src/elrond/dapp-core/src/components/TransactionsInterpreter/helpers/getReceiptMessage.ts","statementMap":{"0":{"start":{"line":1,"column":0},"end":{"line":1,"column":37}},"1":{"start":{"line":2,"column":0},"end":{"line":2,"column":71}},"2":{"start":{"line":3,"column":0},"end":{"line":3,"column":57}},"3":{"start":{"line":6,"column":24},"end":{"line":26,"column":1}},"4":{"start":{"line":7,"column":2},"end":{"line":9,"column":null}},"5":{"start":{"line":8,"column":4},"end":{"line":8,"column":14}},"6":{"start":{"line":11,"column":2},"end":{"line":23,"column":null}},"7":{"start":{"line":12,"column":27},"end":{"line":17,"column":6}},"8":{"start":{"line":18,"column":24},"end":{"line":20,"column":17}},"9":{"start":{"line":22,"column":4},"end":{"line":22,"column":33}},"10":{"start":{"line":25,"column":2},"end":{"line":25,"column":35}},"11":{"start":{"line":29,"column":18},"end":{"line":29,"column":43}},"12":{"start":{"line":31,"column":2},"end":{"line":33,"column":null}},"13":{"start":{"line":32,"column":4},"end":{"line":32,"column":14}},"14":{"start":{"line":35,"column":23},"end":{"line":35,"column":51}},"15":{"start":{"line":36,"column":16},"end":{"line":36,"column":55}},"16":{"start":{"line":38,"column":2},"end":{"line":38,"column":30}},"17":{"start":{"line":28,"column":0},"end":{"line":28,"column":16}}},"fnMap":{"0":{"name":"(anonymous_1)","decl":{"start":{"line":6,"column":24},"end":{"line":6,"column":25}},"loc":{"start":{"line":6,"column":57},"end":{"line":26,"column":1}}},"1":{"name":"getReceiptMessage","decl":{"start":{"line":28,"column":16},"end":{"line":28,"column":33}},"loc":{"start":{"line":28,"column":62},"end":{"line":39,"column":1}}}},"branchMap":{"0":{"loc":{"start":{"line":7,"column":2},"end":{"line":9,"column":null}},"type":"if","locations":[{"start":{"line":7,"column":2},"end":{"line":9,"column":null}}]},"1":{"loc":{"start":{"line":7,"column":7},"end":{"line":7,"column":33}},"type":"cond-expr","locations":[{"start":{"line":7,"column":26},"end":{"line":7,"column":28}},{"start":{"line":7,"column":26},"end":{"line":7,"column":33}}]},"2":{"loc":{"start":{"line":7,"column":7},"end":{"line":7,"column":28}},"type":"binary-expr","locations":[{"start":{"line":7,"column":7},"end":{"line":7,"column":28}},{"start":{"line":7,"column":26},"end":{"line":7,"column":28}}]},"3":{"loc":{"start":{"line":11,"column":2},"end":{"line":23,"column":null}},"type":"if","locations":[{"start":{"line":11,"column":2},"end":{"line":23,"column":null}}]},"4":{"loc":{"start":{"line":11,"column":6},"end":{"line":11,"column":31}},"type":"cond-expr","locations":[{"start":{"line":11,"column":25},"end":{"line":11,"column":27}},{"start":{"line":11,"column":25},"end":{"line":11,"column":31}}]},"5":{"loc":{"start":{"line":11,"column":6},"end":{"line":11,"column":27}},"type":"binary-expr","locations":[{"start":{"line":11,"column":6},"end":{"line":11,"column":27}},{"start":{"line":11,"column":25},"end":{"line":11,"column":27}}]},"6":{"loc":{"start":{"line":29,"column":18},"end":{"line":29,"column":43}},"type":"cond-expr","locations":[{"start":{"line":29,"column":37},"end":{"line":29,"column":39}},{"start":{"line":29,"column":37},"end":{"line":29,"column":43}}]},"7":{"loc":{"start":{"line":29,"column":18},"end":{"line":29,"column":39}},"type":"binary-expr","locations":[{"start":{"line":29,"column":18},"end":{"line":29,"column":39}},{"start":{"line":29,"column":37},"end":{"line":29,"column":39}}]},"8":{"loc":{"start":{"line":31,"column":2},"end":{"line":33,"column":null}},"type":"if","locations":[{"start":{"line":31,"column":2},"end":{"line":33,"column":null}}]},"9":{"loc":{"start":{"line":36,"column":16},"end":{"line":36,"column":55}},"type":"cond-expr","locations":[{"start":{"line":36,"column":31},"end":{"line":36,"column":50}},{"start":{"line":36,"column":53},"end":{"line":36,"column":55}}]}},"s":{"0":1,"1":1,"2":1,"3":1,"4":2,"5":0,"6":2,"7":1,"8":1,"9":1,"10":1,"11":3,"12":3,"13":1,"14":2,"15":2,"16":2,"17":1},"f":{"0":2,"1":3},"b":{"0":[0],"1":[0,2],"2":[2,2],"3":[1],"4":[0,2],"5":[2,2],"6":[1,2],"7":[3,3],"8":[1],"9":[2,0]}}
,"/home/cipriand/src/elrond/dapp-core/src/components/TransactionsInterpreter/helpers/getScResultsMessages.ts": {"path":"/home/cipriand/src/elrond/dapp-core/src/components/TransactionsInterpreter/helpers/getScResultsMessages.ts","statementMap":{"0":{"start":{"line":4,"column":2},"end":{"line":8,"column":4}},"1":{"start":{"line":6,"column":24},"end":{"line":6,"column":44}},"2":{"start":{"line":7,"column":48},"end":{"line":7,"column":65}},"3":{"start":{"line":3,"column":0},"end":{"line":3,"column":24}}},"fnMap":{"0":{"name":"getScResultsMessages","decl":{"start":{"line":3,"column":24},"end":{"line":3,"column":44}},"loc":{"start":{"line":3,"column":73},"end":{"line":9,"column":1}}},"1":{"name":"(anonymous_1)","decl":{"start":{"line":6,"column":12},"end":{"line":6,"column":13}},"loc":{"start":{"line":6,"column":24},"end":{"line":6,"column":44}}},"2":{"name":"(anonymous_2)","decl":{"start":{"line":7,"column":14},"end":{"line":7,"column":15}},"loc":{"start":{"line":7,"column":48},"end":{"line":7,"column":65}}}},"branchMap":{"0":{"loc":{"start":{"line":5,"column":4},"end":{"line":7,"column":72}},"type":"cond-expr","locations":[{"start":{"line":7,"column":66},"end":{"line":7,"column":70}},{"start":{"line":7,"column":70},"end":{"line":7,"column":72}}]},"1":{"loc":{"start":{"line":5,"column":4},"end":{"line":7,"column":70}},"type":"binary-expr","locations":[{"start":{"line":5,"column":4},"end":{"line":7,"column":70}},{"start":{"line":7,"column":66},"end":{"line":7,"column":70}}]},"2":{"loc":{"start":{"line":5,"column":4},"end":{"line":7,"column":66}},"type":"cond-expr","locations":[{"start":{"line":5,"column":24},"end":{"line":5,"column":null}},{"start":{"line":5,"column":24},"end":{"line":7,"column":66}}]},"3":{"loc":{"start":{"line":5,"column":4},"end":{"line":5,"column":null}},"type":"binary-expr","locations":[{"start":{"line":5,"column":4},"end":{"line":5,"column":null}},{"start":{"line":5,"column":24},"end":{"line":5,"column":null}}]},"4":{"loc":{"start":{"line":5,"column":4},"end":{"line":5,"column":24}},"type":"cond-expr","locations":[{"start":{"line":5,"column":15},"end":{"line":5,"column":17}},{"start":{"line":5,"column":4},"end":{"line":5,"column":24}}]},"5":{"loc":{"start":{"line":5,"column":4},"end":{"line":5,"column":17}},"type":"binary-expr","locations":[{"start":{"line":5,"column":4},"end":{"line":5,"column":17}},{"start":{"line":5,"column":4},"end":{"line":5,"column":17}}]}},"s":{"0":2,"1":2,"2":2,"3":1},"f":{"0":2,"1":2,"2":2},"b":{"0":[1,1],"1":[2,2],"2":[1,1],"3":[2,2],"4":[0,2],"5":[2,2]}}
,"/home/cipriand/src/elrond/dapp-core/src/components/TransactionsInterpreter/helpers/getTransactionMethod.ts": {"path":"/home/cipriand/src/elrond/dapp-core/src/components/TransactionsInterpreter/helpers/getTransactionMethod.ts","statementMap":{"0":{"start":{"line":1,"column":0},"end":{"line":1,"column":null}},"1":{"start":{"line":7,"column":36},"end":{"line":28,"column":1}},"2":{"start":{"line":8,"column":26},"end":{"line":8,"column":39}},"3":{"start":{"line":10,"column":4},"end":{"line":10,"column":61}},"4":{"start":{"line":12,"column":2},"end":{"line":25,"column":null}},"5":{"start":{"line":13,"column":4},"end":{"line":20,"column":null}},"6":{"start":{"line":17,"column":6},"end":{"line":17,"column":40}},"7":{"start":{"line":18,"column":11},"end":{"line":20,"column":null}},"8":{"start":{"line":19,"column":6},"end":{"line":19,"column":50}},"9":{"start":{"line":22,"column":4},"end":{"line":24,"column":null}},"10":{"start":{"line":23,"column":6},"end":{"line":23,"column":68}},"11":{"start":{"line":27,"column":2},"end":{"line":27,"column":27}},"12":{"start":{"line":7,"column":13},"end":{"line":7,"column":36}}},"fnMap":{"0":{"name":"(anonymous_0)","decl":{"start":{"line":7,"column":36},"end":{"line":7,"column":37}},"loc":{"start":{"line":7,"column":71},"end":{"line":28,"column":1}}}},"branchMap":{"0":{"loc":{"start":{"line":10,"column":4},"end":{"line":10,"column":61}},"type":"binary-expr","locations":[{"start":{"line":10,"column":4},"end":{"line":10,"column":28}},{"start":{"line":10,"column":32},"end":{"line":10,"column":60}}]},"1":{"loc":{"start":{"line":10,"column":4},"end":{"line":10,"column":28}},"type":"cond-expr","locations":[{"start":{"line":10,"column":22},"end":{"line":10,"column":24}},{"start":{"line":10,"column":22},"end":{"line":10,"column":28}}]},"2":{"loc":{"start":{"line":10,"column":4},"end":{"line":10,"column":24}},"type":"binary-expr","locations":[{"start":{"line":10,"column":4},"end":{"line":10,"column":24}},{"start":{"line":10,"column":22},"end":{"line":10,"column":24}}]},"3":{"loc":{"start":{"line":10,"column":32},"end":{"line":10,"column":60}},"type":"cond-expr","locations":[{"start":{"line":10,"column":50},"end":{"line":10,"column":52}},{"start":{"line":10,"column":50},"end":{"line":10,"column":60}}]},"4":{"loc":{"start":{"line":10,"column":32},"end":{"line":10,"column":52}},"type":"binary-expr","locations":[{"start":{"line":10,"column":32},"end":{"line":10,"column":52}},{"start":{"line":10,"column":50},"end":{"line":10,"column":52}}]},"5":{"loc":{"start":{"line":12,"column":2},"end":{"line":25,"column":null}},"type":"if","locations":[{"start":{"line":12,"column":2},"end":{"line":25,"column":null}}]},"6":{"loc":{"start":{"line":13,"column":4},"end":{"line":20,"column":null}},"type":"if","locations":[{"start":{"line":13,"column":4},"end":{"line":20,"column":null}},{"start":{"line":18,"column":11},"end":{"line":20,"column":null}}]},"7":{"loc":{"start":{"line":14,"column":6},"end":{"line":15,"column":57}},"type":"binary-expr","locations":[{"start":{"line":14,"column":6},"end":{"line":14,"column":67}},{"start":{"line":15,"column":6},"end":{"line":15,"column":57}}]},"8":{"loc":{"start":{"line":14,"column":6},"end":{"line":14,"column":34}},"type":"cond-expr","locations":[{"start":{"line":14,"column":24},"end":{"line":14,"column":26}},{"start":{"line":14,"column":24},"end":{"line":14,"column":34}}]},"9":{"loc":{"start":{"line":14,"column":6},"end":{"line":14,"column":26}},"type":"binary-expr","locations":[{"start":{"line":14,"column":6},"end":{"line":14,"column":26}},{"start":{"line":14,"column":24},"end":{"line":14,"column":26}}]},"10":{"loc":{"start":{"line":15,"column":6},"end":{"line":15,"column":30}},"type":"cond-expr","locations":[{"start":{"line":15,"column":24},"end":{"line":15,"column":26}},{"start":{"line":15,"column":24},"end":{"line":15,"column":30}}]},"11":{"loc":{"start":{"line":15,"column":6},"end":{"line":15,"column":26}},"type":"binary-expr","locations":[{"start":{"line":15,"column":6},"end":{"line":15,"column":26}},{"start":{"line":15,"column":24},"end":{"line":15,"column":26}}]},"12":{"loc":{"start":{"line":18,"column":11},"end":{"line":20,"column":null}},"type":"if","locations":[{"start":{"line":18,"column":11},"end":{"line":20,"column":null}}]},"13":{"loc":{"start":{"line":22,"column":4},"end":{"line":24,"column":null}},"type":"if","locations":[{"start":{"line":22,"column":4},"end":{"line":24,"column":null}}]},"14":{"loc":{"start":{"line":22,"column":8},"end":{"line":22,"column":51}},"type":"cond-expr","locations":[{"start":{"line":22,"column":37},"end":{"line":22,"column":39}},{"start":{"line":22,"column":37},"end":{"line":22,"column":51}}]},"15":{"loc":{"start":{"line":22,"column":8},"end":{"line":22,"column":39}},"type":"binary-expr","locations":[{"start":{"line":22,"column":8},"end":{"line":22,"column":39}},{"start":{"line":22,"column":37},"end":{"line":22,"column":39}}]},"16":{"loc":{"start":{"line":22,"column":8},"end":{"line":22,"column":37}},"type":"cond-expr","locations":[{"start":{"line":22,"column":26},"end":{"line":22,"column":28}},{"start":{"line":22,"column":26},"end":{"line":22,"column":37}}]},"17":{"loc":{"start":{"line":22,"column":8},"end":{"line":22,"column":28}},"type":"binary-expr","locations":[{"start":{"line":22,"column":8},"end":{"line":22,"column":28}},{"start":{"line":22,"column":26},"end":{"line":22,"column":28}}]}},"s":{"0":1,"1":1,"2":4,"3":4,"4":4,"5":3,"6":1,"7":2,"8":2,"9":3,"10":1,"11":4,"12":1},"f":{"0":4},"b":{"0":[4,3],"1":[1,3],"2":[4,4],"3":[0,3],"4":[3,3],"5":[3],"6":[1,2],"7":[3,1],"8":[0,3],"9":[3,3],"10":[0,1],"11":[1,1],"12":[2],"13":[1],"14":[2,1],"15":[3,3],"16":[0,3],"17":[3,3]}}
,"/home/cipriand/src/elrond/dapp-core/src/components/TransactionsInterpreter/helpers/getTransactionReceiver.ts": {"path":"/home/cipriand/src/elrond/dapp-core/src/components/TransactionsInterpreter/helpers/getTransactionReceiver.ts","statementMap":{"0":{"start":{"line":4,"column":17},"end":{"line":4,"column":37}},"1":{"start":{"line":5,"column":2},"end":{"line":7,"column":null}},"2":{"start":{"line":6,"column":4},"end":{"line":6,"column":53}},"3":{"start":{"line":9,"column":2},"end":{"line":9,"column":18}},"4":{"start":{"line":3,"column":0},"end":{"line":3,"column":16}}},"fnMap":{"0":{"name":"getTransactionReceiver","decl":{"start":{"line":3,"column":16},"end":{"line":3,"column":38}},"loc":{"start":{"line":3,"column":69},"end":{"line":10,"column":1}}}},"branchMap":{"0":{"loc":{"start":{"line":5,"column":2},"end":{"line":7,"column":null}},"type":"if","locations":[{"start":{"line":5,"column":2},"end":{"line":7,"column":null}}]},"1":{"loc":{"start":{"line":5,"column":6},"end":{"line":5,"column":45}},"type":"cond-expr","locations":[{"start":{"line":5,"column":35},"end":{"line":5,"column":37}},{"start":{"line":5,"column":35},"end":{"line":5,"column":45}}]},"2":{"loc":{"start":{"line":5,"column":6},"end":{"line":5,"column":37}},"type":"binary-expr","locations":[{"start":{"line":5,"column":6},"end":{"line":5,"column":37}},{"start":{"line":5,"column":35},"end":{"line":5,"column":37}}]},"3":{"loc":{"start":{"line":5,"column":6},"end":{"line":5,"column":35}},"type":"cond-expr","locations":[{"start":{"line":5,"column":24},"end":{"line":5,"column":26}},{"start":{"line":5,"column":24},"end":{"line":5,"column":35}}]},"4":{"loc":{"start":{"line":5,"column":6},"end":{"line":5,"column":26}},"type":"binary-expr","locations":[{"start":{"line":5,"column":6},"end":{"line":5,"column":26}},{"start":{"line":5,"column":24},"end":{"line":5,"column":26}}]}},"s":{"0":4,"1":4,"2":2,"3":4,"4":2},"f":{"0":4},"b":{"0":[2],"1":[2,2],"2":[4,4],"3":[0,4],"4":[4,4]}}
,"/home/cipriand/src/elrond/dapp-core/src/components/TransactionsInterpreter/helpers/getTransactionReceiverAssets.ts": {"path":"/home/cipriand/src/elrond/dapp-core/src/components/TransactionsInterpreter/helpers/getTransactionReceiverAssets.ts","statementMap":{"0":{"start":{"line":1,"column":0},"end":{"line":1,"column":66}},"1":{"start":{"line":8,"column":19},"end":{"line":8,"column":54}},"2":{"start":{"line":10,"column":2},"end":{"line":12,"column":16}},"3":{"start":{"line":7,"column":0},"end":{"line":7,"column":16}}},"fnMap":{"0":{"name":"getTransactionReceiverAssets","decl":{"start":{"line":7,"column":16},"end":{"line":7,"column":44}},"loc":{"start":{"line":7,"column":75},"end":{"line":13,"column":1}}}},"branchMap":{"0":{"loc":{"start":{"line":10,"column":9},"end":{"line":12,"column":15}},"type":"cond-expr","locations":[{"start":{"line":11,"column":6},"end":{"line":11,"column":32}},{"start":{"line":12,"column":6},"end":{"line":12,"column":15}}]}},"s":{"0":1,"1":2,"2":2,"3":1},"f":{"0":2},"b":{"0":[1,1]}}
,"/home/cipriand/src/elrond/dapp-core/src/components/TransactionsInterpreter/helpers/getTransactionTimeFormats.ts": {"path":"/home/cipriand/src/elrond/dapp-core/src/components/TransactionsInterpreter/helpers/getTransactionTimeFormats.ts","statementMap":{"0":{"start":{"line":1,"column":0},"end":{"line":1,"column":63}},"1":{"start":{"line":5,"column":23},"end":{"line":5,"column":65}},"2":{"start":{"line":6,"column":22},"end":{"line":6,"column":65}},"3":{"start":{"line":8,"column":2},"end":{"line":11,"column":4}},"4":{"start":{"line":4,"column":0},"end":{"line":4,"column":16}}},"fnMap":{"0":{"name":"getTransactionTimeFormats","decl":{"start":{"line":4,"column":16},"end":{"line":4,"column":41}},"loc":{"start":{"line":4,"column":72},"end":{"line":12,"column":1}}}},"branchMap":{},"s":{"0":1,"1":8,"2":8,"3":8,"4":1},"f":{"0":8},"b":{}}
,"/home/cipriand/src/elrond/dapp-core/src/components/TransactionsInterpreter/helpers/getTransactionTokens.ts": {"path":"/home/cipriand/src/elrond/dapp-core/src/components/TransactionsInterpreter/helpers/getTransactionTokens.ts","statementMap":{"0":{"start":{"line":3,"column":36},"end":{"line":14,"column":1}},"1":{"start":{"line":4,"column":2},"end":{"line":11,"column":null}},"2":{"start":{"line":5,"column":4},"end":{"line":10,"column":31}},"3":{"start":{"line":10,"column":20},"end":{"line":10,"column":29}},"4":{"start":{"line":13,"column":2},"end":{"line":13,"column":12}},"5":{"start":{"line":3,"column":13},"end":{"line":3,"column":36}}},"fnMap":{"0":{"name":"(anonymous_0)","decl":{"start":{"line":3,"column":36},"end":{"line":3,"column":37}},"loc":{"start":{"line":3,"column":71},"end":{"line":14,"column":1}}},"1":{"name":"(anonymous_1)","decl":{"start":{"line":10,"column":13},"end":{"line":10,"column":14}},"loc":{"start":{"line":10,"column":20},"end":{"line":10,"column":29}}}},"branchMap":{"0":{"loc":{"start":{"line":4,"column":2},"end":{"line":11,"column":null}},"type":"if","locations":[{"start":{"line":4,"column":2},"end":{"line":11,"column":null}}]},"1":{"loc":{"start":{"line":6,"column":6},"end":{"line":6,"column":41}},"type":"cond-expr","locations":[{"start":{"line":6,"column":34},"end":{"line":6,"column":36}},{"start":{"line":6,"column":34},"end":{"line":6,"column":41}}]},"2":{"loc":{"start":{"line":6,"column":6},"end":{"line":6,"column":36}},"type":"binary-expr","locations":[{"start":{"line":6,"column":6},"end":{"line":6,"column":36}},{"start":{"line":6,"column":34},"end":{"line":6,"column":36}}]},"3":{"loc":{"start":{"line":7,"column":6},"end":{"line":7,"column":42}},"type":"cond-expr","locations":[{"start":{"line":7,"column":34},"end":{"line":7,"column":36}},{"start":{"line":7,"column":34},"end":{"line":7,"column":42}}]},"4":{"loc":{"start":{"line":7,"column":6},"end":{"line":7,"column":36}},"type":"binary-expr","locations":[{"start":{"line":7,"column":6},"end":{"line":7,"column":36}},{"start":{"line":7,"column":34},"end":{"line":7,"column":36}}]},"5":{"loc":{"start":{"line":8,"column":6},"end":{"line":8,"column":42}},"type":"cond-expr","locations":[{"start":{"line":8,"column":34},"end":{"line":8,"column":36}},{"start":{"line":8,"column":34},"end":{"line":8,"column":42}}]},"6":{"loc":{"start":{"line":8,"column":6},"end":{"line":8,"column":36}},"type":"binary-expr","locations":[{"start":{"line":8,"column":6},"end":{"line":8,"column":36}},{"start":{"line":8,"column":34},"end":{"line":8,"column":36}}]},"7":{"loc":{"start":{"line":9,"column":6},"end":{"line":9,"column":45}},"type":"cond-expr","locations":[{"start":{"line":9,"column":34},"end":{"line":9,"column":36}},{"start":{"line":9,"column":34},"end":{"line":9,"column":45}}]},"8":{"loc":{"start":{"line":9,"column":6},"end":{"line":9,"column":36}},"type":"binary-expr","locations":[{"start":{"line":9,"column":6},"end":{"line":9,"column":36}},{"start":{"line":9,"column":34},"end":{"line":9,"column":36}}]}},"s":{"0":1,"1":2,"2":1,"3":4,"4":1,"5":1},"f":{"0":2,"1":4},"b":{"0":[1],"1":[0,1],"2":[1,1],"3":[0,1],"4":[1,1],"5":[0,1],"6":[1,1],"7":[0,1],"8":[1,1]}}
,"/home/cipriand/src/elrond/dapp-core/src/components/TransactionsInterpreter/helpers/getTransactionTransferType.ts": {"path":"/home/cipriand/src/elrond/dapp-core/src/components/TransactionsInterpreter/helpers/getTransactionTransferType.ts","statementMap":{"0":{"start":{"line":1,"column":0},"end":{"line":1,"column":null}},"1":{"start":{"line":12,"column":23},"end":{"line":12,"column":53}},"2":{"start":{"line":13,"column":22},"end":{"line":13,"column":42}},"3":{"start":{"line":14,"column":24},"end":{"line":14,"column":51}},"4":{"start":{"line":15,"column":21},"end":{"line":15,"column":79}},"5":{"start":{"line":17,"column":2},"end":{"line":27,"column":null}},"6":{"start":{"line":19,"column":6},"end":{"line":19,"column":43}},"7":{"start":{"line":21,"column":6},"end":{"line":21,"column":39}},"8":{"start":{"line":23,"column":6},"end":{"line":23,"column":37}},"9":{"start":{"line":26,"column":6},"end":{"line":26,"column":38}},"10":{"start":{"line":7,"column":0},"end":{"line":7,"column":16}}},"fnMap":{"0":{"name":"getTransactionTransferType","decl":{"start":{"line":7,"column":16},"end":{"line":7,"column":42}},"loc":{"start":{"line":10,"column":18},"end":{"line":28,"column":1}}}},"branchMap":{"0":{"loc":{"start":{"line":14,"column":24},"end":{"line":14,"column":51}},"type":"binary-expr","locations":[{"start":{"line":14,"column":24},"end":{"line":14,"column":36}},{"start":{"line":14,"column":40},"end":{"line":14,"column":51}}]},"1":{"loc":{"start":{"line":15,"column":21},"end":{"line":15,"column":38}},"type":"cond-expr","locations":[{"start":{"line":15,"column":32},"end":{"line":15,"column":34}},{"start":{"line":15,"column":21},"end":{"line":15,"column":38}}]},"2":{"loc":{"start":{"line":15,"column":21},"end":{"line":15,"column":34}},"type":"binary-expr","locations":[{"start":{"line":15,"column":21},"end":{"line":15,"column":34}},{"start":{"line":15,"column":21},"end":{"line":15,"column":34}}]},"3":{"loc":{"start":{"line":17,"column":2},"end":{"line":27,"column":null}},"type":"switch","locations":[{"start":{"line":18,"column":4},"end":{"line":19,"column":43}},{"start":{"line":20,"column":4},"end":{"line":21,"column":39}},{"start":{"line":22,"column":4},"end":{"line":23,"column":37}},{"start":{"line":24,"column":4},"end":{"line":24,"column":22}},{"start":{"line":25,"column":4},"end":{"line":26,"column":38}}]}},"s":{"0":1,"1":4,"2":4,"3":4,"4":4,"5":4,"6":1,"7":1,"8":1,"9":1,"10":1},"f":{"0":4},"b":{"0":[4,2],"1":[0,4],"2":[4,4],"3":[1,1,1,1,1]}}
,"/home/cipriand/src/elrond/dapp-core/src/components/TransactionsInterpreter/helpers/types.ts": {"path":"/home/cipriand/src/elrond/dapp-core/src/components/TransactionsInterpreter/helpers/types.ts","statementMap":{"0":{"start":{"line":1,"column":0},"end":{"line":1,"column":null}},"1":{"start":{"line":2,"column":2},"end":{"line":2,"column":null}},"2":{"start":{"line":3,"column":2},"end":{"line":3,"column":null}},"3":{"start":{"line":4,"column":2},"end":{"line":4,"column":null}},"4":{"start":{"line":116,"column":0},"end":{"line":116,"column":null}},"5":{"start":{"line":117,"column":2},"end":{"line":117,"column":null}},"6":{"start":{"line":118,"column":2},"end":{"line":118,"column":null}},"7":{"start":{"line":119,"column":2},"end":{"line":119,"column":null}},"8":{"start":{"line":189,"column":0},"end":{"line":189,"column":null}},"9":{"start":{"line":191,"column":2},"end":{"line":191,"column":null}},"10":{"start":{"line":193,"column":2},"end":{"line":193,"column":null}},"11":{"start":{"line":194,"column":2},"end":{"line":194,"column":null}},"12":{"start":{"line":195,"column":2},"end":{"line":195,"column":null}},"13":{"start":{"line":196,"column":2},"end":{"line":196,"column":null}},"14":{"start":{"line":197,"column":2},"end":{"line":197,"column":null}},"15":{"start":{"line":198,"column":2},"end":{"line":198,"column":null}},"16":{"start":{"line":200,"column":2},"end":{"line":200,"column":null}},"17":{"start":{"line":201,"column":2},"end":{"line":201,"column":null}},"18":{"start":{"line":202,"column":2},"end":{"line":202,"column":null}},"19":{"start":{"line":203,"column":2},"end":{"line":203,"column":null}},"20":{"start":{"line":204,"column":2},"end":{"line":204,"column":null}},"21":{"start":{"line":205,"column":2},"end":{"line":205,"column":null}},"22":{"start":{"line":206,"column":2},"end":{"line":206,"column":null}},"23":{"start":{"line":207,"column":2},"end":{"line":207,"column":null}},"24":{"start":{"line":208,"column":2},"end":{"line":208,"column":null}},"25":{"start":{"line":209,"column":2},"end":{"line":209,"column":null}},"26":{"start":{"line":210,"column":2},"end":{"line":210,"column":null}},"27":{"start":{"line":211,"column":2},"end":{"line":211,"column":null}},"28":{"start":{"line":212,"column":2},"end":{"line":212,"column":null}},"29":{"start":{"line":213,"column":2},"end":{"line":213,"column":null}},"30":{"start":{"line":214,"column":2},"end":{"line":214,"column":null}},"31":{"start":{"line":215,"column":2},"end":{"line":215,"column":null}},"32":{"start":{"line":216,"column":2},"end":{"line":216,"column":null}},"33":{"start":{"line":217,"column":2},"end":{"line":217,"column":null}},"34":{"start":{"line":218,"column":2},"end":{"line":218,"column":null}},"35":{"start":{"line":219,"column":2},"end":{"line":219,"column":null}},"36":{"start":{"line":220,"column":2},"end":{"line":220,"column":null}},"37":{"start":{"line":221,"column":2},"end":{"line":221,"column":null}},"38":{"start":{"line":222,"column":2},"end":{"line":222,"column":null}},"39":{"start":{"line":225,"column":0},"end":{"line":225,"column":null}},"40":{"start":{"line":226,"column":2},"end":{"line":226,"column":null}},"41":{"start":{"line":227,"column":2},"end":{"line":227,"column":null}},"42":{"start":{"line":228,"column":2},"end":{"line":228,"column":null}},"43":{"start":{"line":229,"column":2},"end":{"line":229,"column":null}},"44":{"start":{"line":264,"column":0},"end":{"line":264,"column":null}},"45":{"start":{"line":265,"column":2},"end":{"line":265,"column":null}},"46":{"start":{"line":266,"column":2},"end":{"line":266,"column":null}},"47":{"start":{"line":267,"column":2},"end":{"line":267,"column":null}},"48":{"start":{"line":268,"column":2},"end":{"line":268,"column":null}},"49":{"start":{"line":269,"column":2},"end":{"line":269,"column":null}},"50":{"start":{"line":270,"column":2},"end":{"line":270,"column":null}},"51":{"start":{"line":271,"column":2},"end":{"line":271,"column":null}},"52":{"start":{"line":272,"column":2},"end":{"line":272,"column":null}},"53":{"start":{"line":273,"column":2},"end":{"line":273,"column":null}},"54":{"start":{"line":274,"column":2},"end":{"line":274,"column":null}},"55":{"start":{"line":275,"column":2},"end":{"line":275,"column":null}},"56":{"start":{"line":276,"column":2},"end":{"line":276,"column":null}},"57":{"start":{"line":279,"column":2},"end":{"line":279,"column":null}},"58":{"start":{"line":280,"column":2},"end":{"line":280,"column":null}},"59":{"start":{"line":283,"column":0},"end":{"line":283,"column":null}},"60":{"start":{"line":284,"column":2},"end":{"line":284,"column":null}},"61":{"start":{"line":285,"column":2},"end":{"line":285,"column":null}},"62":{"start":{"line":286,"column":2},"end":{"line":286,"column":null}},"63":{"start":{"line":288,"column":0},"end":{"line":288,"column":null}},"64":{"start":{"line":289,"column":2},"end":{"line":289,"column":null}},"65":{"start":{"line":290,"column":2},"end":{"line":290,"column":null}},"66":{"start":{"line":291,"column":2},"end":{"line":291,"column":null}},"67":{"start":{"line":398,"column":0},"end":{"line":398,"column":null}},"68":{"start":{"line":399,"column":2},"end":{"line":399,"column":null}},"69":{"start":{"line":400,"column":2},"end":{"line":400,"column":null}},"70":{"start":{"line":413,"column":0},"end":{"line":413,"column":null}},"71":{"start":{"line":414,"column":2},"end":{"line":414,"column":null}},"72":{"start":{"line":415,"column":2},"end":{"line":415,"column":null}},"73":{"start":{"line":416,"column":2},"end":{"line":416,"column":null}},"74":{"start":{"line":417,"column":2},"end":{"line":417,"column":null}}},"fnMap":{"0":{"name":"(anonymous_0)","decl":{"start":{"line":1,"column":0},"end":{"line":1,"column":12}},"loc":{"start":{"line":1,"column":25},"end":{"line":5,"column":1}}},"1":{"name":"(anonymous_1)","decl":{"start":{"line":116,"column":0},"end":{"line":116,"column":12}},"loc":{"start":{"line":116,"column":23},"end":{"line":120,"column":1}}},"2":{"name":"(anonymous_2)","decl":{"start":{"line":189,"column":0},"end":{"line":189,"column":12}},"loc":{"start":{"line":189,"column":25},"end":{"line":223,"column":1}}},"3":{"name":"(anonymous_3)","decl":{"start":{"line":225,"column":0},"end":{"line":225,"column":12}},"loc":{"start":{"line":225,"column":32},"end":{"line":230,"column":1}}},"4":{"name":"(anonymous_4)","decl":{"start":{"line":264,"column":0},"end":{"line":264,"column":12}},"loc":{"start":{"line":264,"column":42},"end":{"line":281,"column":1}}},"5":{"name":"(anonymous_5)","decl":{"start":{"line":283,"column":0},"end":{"line":283,"column":12}},"loc":{"start":{"line":283,"column":43},"end":{"line":287,"column":1}}},"6":{"name":"(anonymous_6)","decl":{"start":{"line":288,"column":0},"end":{"line":288,"column":12}},"loc":{"start":{"line":288,"column":42},"end":{"line":292,"column":1}}},"7":{"name":"(anonymous_7)","decl":{"start":{"line":398,"column":0},"end":{"line":398,"column":12}},"loc":{"start":{"line":398,"column":28},"end":{"line":401,"column":1}}},"8":{"name":"(anonymous_8)","decl":{"start":{"line":413,"column":0},"end":{"line":413,"column":12}},"loc":{"start":{"line":413,"column":32},"end":{"line":418,"column":1}}}},"branchMap":{"0":{"loc":{"start":{"line":1,"column":12},"end":{"line":1,"column":null}},"type":"binary-expr","locations":[{"start":{"line":1,"column":12},"end":{"line":1,"column":25}},{"start":{"line":1,"column":12},"end":{"line":1,"column":null}}]},"1":{"loc":{"start":{"line":116,"column":12},"end":{"line":116,"column":null}},"type":"binary-expr","locations":[{"start":{"line":116,"column":12},"end":{"line":116,"column":23}},{"start":{"line":116,"column":12},"end":{"line":116,"column":null}}]},"2":{"loc":{"start":{"line":189,"column":12},"end":{"line":189,"column":null}},"type":"binary-expr","locations":[{"start":{"line":189,"column":12},"end":{"line":189,"column":25}},{"start":{"line":189,"column":12},"end":{"line":189,"column":null}}]},"3":{"loc":{"start":{"line":225,"column":12},"end":{"line":225,"column":null}},"type":"binary-expr","locations":[{"start":{"line":225,"column":12},"end":{"line":225,"column":32}},{"start":{"line":225,"column":12},"end":{"line":225,"column":null}}]},"4":{"loc":{"start":{"line":264,"column":12},"end":{"line":264,"column":null}},"type":"binary-expr","locations":[{"start":{"line":264,"column":12},"end":{"line":264,"column":42}},{"start":{"line":264,"column":12},"end":{"line":264,"column":null}}]},"5":{"loc":{"start":{"line":283,"column":12},"end":{"line":283,"column":null}},"type":"binary-expr","locations":[{"start":{"line":283,"column":12},"end":{"line":283,"column":43}},{"start":{"line":283,"column":12},"end":{"line":283,"column":null}}]},"6":{"loc":{"start":{"line":288,"column":12},"end":{"line":288,"column":null}},"type":"binary-expr","locations":[{"start":{"line":288,"column":12},"end":{"line":288,"column":42}},{"start":{"line":288,"column":12},"end":{"line":288,"column":null}}]},"7":{"loc":{"start":{"line":398,"column":12},"end":{"line":398,"column":null}},"type":"binary-expr","locations":[{"start":{"line":398,"column":12},"end":{"line":398,"column":28}},{"start":{"line":398,"column":12},"end":{"line":398,"column":null}}]},"8":{"loc":{"start":{"line":413,"column":12},"end":{"line":413,"column":null}},"type":"binary-expr","locations":[{"start":{"line":413,"column":12},"end":{"line":413,"column":32}},{"start":{"line":413,"column":12},"end":{"line":413,"column":null}}]}},"s":{"0":10,"1":10,"2":10,"3":10,"4":10,"5":10,"6":10,"7":10,"8":10,"9":10,"10":10,"11":10,"12":10,"13":10,"14":10,"15":10,"16":10,"17":10,"18":10,"19":10,"20":10,"21":10,"22":10,"23":10,"24":10,"25":10,"26":10,"27":10,"28":10,"29":10,"30":10,"31":10,"32":10,"33":10,"34":10,"35":10,"36":10,"37":10,"38":10,"39":10,"40":10,"41":10,"42":10,"43":10,"44":10,"45":10,"46":10,"47":10,"48":10,"49":10,"50":10,"51":10,"52":10,"53":10,"54":10,"55":10,"56":10,"57":10,"58":10,"59":10,"60":10,"61":10,"62":10,"63":10,"64":10,"65":10,"66":10,"67":10,"68":10,"69":10,"70":10,"71":10,"72":10,"73":10,"74":10},"f":{"0":10,"1":10,"2":10,"3":10,"4":10,"5":10,"6":10,"7":10,"8":10},"b":{"0":[10,10],"1":[10,10],"2":[10,10],"3":[10,10],"4":[10,10],"5":[10,10],"6":[10,10],"7":[10,10],"8":[10,10]}}
,"/home/cipriand/src/elrond/dapp-core/src/components/TransactionsInterpreter/helpers/tests/transaction-mock.ts": {"path":"/home/cipriand/src/elrond/dapp-core/src/components/TransactionsInterpreter/helpers/tests/transaction-mock.ts","statementMap":{"0":{"start":{"line":1,"column":0},"end":{"line":1,"column":41}},"1":{"start":{"line":3,"column":13},"end":{"line":29,"column":2}}},"fnMap":{},"branchMap":{},"s":{"0":10,"1":10},"f":{},"b":{}}
,"/home/cipriand/src/elrond/dapp-core/src/constants/errorsMessages.ts": {"path":"/home/cipriand/src/elrond/dapp-core/src/constants/errorsMessages.ts","statementMap":{"0":{"start":{"line":1,"column":13},"end":{"line":1,"column":50}},"1":{"start":{"line":2,"column":13},"end":{"line":2,"column":60}},"2":{"start":{"line":3,"column":13},"end":{"line":3,"column":60}},"3":{"start":{"line":4,"column":13},"end":{"line":4,"column":67}},"4":{"start":{"line":5,"column":13},"end":{"line":6,"column":116}},"5":{"start":{"line":7,"column":13},"end":{"line":8,"column":33}}},"fnMap":{},"branchMap":{},"s":{"0":6,"1":6,"2":6,"3":6,"4":6,"5":6},"f":{},"b":{}}
,"/home/cipriand/src/elrond/dapp-core/src/constants/index.ts": {"path":"/home/cipriand/src/elrond/dapp-core/src/constants/index.ts","statementMap":{"0":{"start":{"line":1,"column":0},"end":{"line":1,"column":33}},"1":{"start":{"line":2,"column":0},"end":{"line":2,"column":26}},"2":{"start":{"line":3,"column":0},"end":{"line":3,"column":35}},"3":{"start":{"line":4,"column":0},"end":{"line":4,"column":32}},"4":{"start":{"line":5,"column":0},"end":{"line":5,"column":37}},"5":{"start":{"line":7,"column":13},"end":{"line":7,"column":39}},"6":{"start":{"line":8,"column":13},"end":{"line":8,"column":37}},"7":{"start":{"line":9,"column":13},"end":{"line":9,"column":32}},"8":{"start":{"line":10,"column":13},"end":{"line":10,"column":38}},"9":{"start":{"line":11,"column":13},"end":{"line":11,"column":31}},"10":{"start":{"line":12,"column":13},"end":{"line":12,"column":26}},"11":{"start":{"line":13,"column":13},"end":{"line":13,"column":25}},"12":{"start":{"line":15,"column":13},"end":{"line":15,"column":48}},"13":{"start":{"line":17,"column":13},"end":{"line":17,"column":42}},"14":{"start":{"line":18,"column":13},"end":{"line":18,"column":49}},"15":{"start":{"line":20,"column":13},"end":{"line":20,"column":41}},"16":{"start":{"line":21,"column":13},"end":{"line":21,"column":39}},"17":{"start":{"line":23,"column":13},"end":{"line":23,"column":47}},"18":{"start":{"line":25,"column":13},"end":{"line":25,"column":42}}},"fnMap":{},"branchMap":{},"s":{"0":6,"1":6,"2":6,"3":6,"4":6,"5":6,"6":6,"7":6,"8":6,"9":6,"10":6,"11":6,"12":6,"13":6,"14":6,"15":6,"16":6,"17":6,"18":6},"f":{},"b":{}}
,"/home/cipriand/src/elrond/dapp-core/src/constants/ledgerErrorCodes.ts": {"path":"/home/cipriand/src/elrond/dapp-core/src/constants/ledgerErrorCodes.ts","statementMap":{"0":{"start":{"line":1,"column":13},"end":{"line":87,"column":2}}},"fnMap":{},"branchMap":{},"s":{"0":6},"f":{},"b":{}}
,"/home/cipriand/src/elrond/dapp-core/src/constants/mnemonicWords.ts": {"path":"/home/cipriand/src/elrond/dapp-core/src/constants/mnemonicWords.ts","statementMap":{"0":{"start":{"line":1,"column":13},"end":{"line":2050,"column":2}}},"fnMap":{},"branchMap":{},"s":{"0":6},"f":{},"b":{}}
,"/home/cipriand/src/elrond/dapp-core/src/constants/network.ts": {"path":"/home/cipriand/src/elrond/dapp-core/src/constants/network.ts","statementMap":{"0":{"start":{"line":1,"column":0},"end":{"line":1,"column":54}},"1":{"start":{"line":3,"column":13},"end":{"line":3,"column":44}},"2":{"start":{"line":5,"column":13},"end":{"line":60,"column":2}},"3":{"start":{"line":65,"column":4},"end":{"line":65,"column":58}},"4":{"start":{"line":76,"column":2},"end":{"line":76,"column":15}},"5":{"start":{"line":79,"column":2},"end":{"line":79,"column":17}},"6":{"start":{"line":69,"column":4},"end":{"line":69,"column":59}},"7":{"start":{"line":77,"column":2},"end":{"line":77,"column":16}},"8":{"start":{"line":80,"column":2},"end":{"line":80,"column":18}},"9":{"start":{"line":73,"column":4},"end":{"line":73,"column":59}},"10":{"start":{"line":78,"column":2},"end":{"line":78,"column":16}},"11":{"start":{"line":81,"column":2},"end":{"line":81,"column":18}},"12":{"start":{"line":84,"column":13},"end":{"line":88,"column":2}},"13":{"start":{"line":90,"column":13},"end":{"line":94,"column":2}}},"fnMap":{},"branchMap":{},"s":{"0":6,"1":6,"2":6,"3":6,"4":6,"5":6,"6":6,"7":6,"8":6,"9":6,"10":6,"11":6,"12":6,"13":6},"f":{},"b":{}}
,"/home/cipriand/src/elrond/dapp-core/src/constants/transaction-status.ts": {"path":"/home/cipriand/src/elrond/dapp-core/src/constants/transaction-status.ts","statementMap":{"0":{"start":{"line":1,"column":13},"end":{"line":1,"column":73}}},"fnMap":{},"branchMap":{},"s":{"0":6},"f":{},"b":{}}
,"/home/cipriand/src/elrond/dapp-core/src/reduxStore/commonActions.ts": {"path":"/home/cipriand/src/elrond/dapp-core/src/reduxStore/commonActions.ts","statementMap":{"0":{"start":{"line":1,"column":0},"end":{"line":1,"column":48}},"1":{"start":{"line":3,"column":0},"end":{"line":3,"column":68}},"2":{"start":{"line":10,"column":13},"end":{"line":10,"column":59}},"3":{"start":{"line":12,"column":13},"end":{"line":15,"column":2}},"4":{"start":{"line":14,"column":40},"end":{"line":14,"column":51}}},"fnMap":{"0":{"name":"(anonymous_0)","decl":{"start":{"line":14,"column":2},"end":{"line":14,"column":3}},"loc":{"start":{"line":14,"column":40},"end":{"line":14,"column":51}}}},"branchMap":{},"s":{"0":1,"1":1,"2":1,"3":1,"4":0},"f":{"0":0},"b":{}}
,"/home/cipriand/src/elrond/dapp-core/src/reduxStore/slices/accountInfoSlice.ts": {"path":"/home/cipriand/src/elrond/dapp-core/src/reduxStore/slices/accountInfoSlice.ts","statementMap":{"0":{"start":{"line":1,"column":0},"end":{"line":1,"column":47}},"1":{"start":{"line":2,"column":0},"end":{"line":2,"column":62}},"2":{"start":{"line":3,"column":0},"end":{"line":3,"column":42}},"3":{"start":{"line":4,"column":0},"end":{"line":4,"column":40}},"4":{"start":{"line":5,"column":0},"end":{"line":5,"column":55}},"5":{"start":{"line":7,"column":0},"end":{"line":7,"column":null}},"6":{"start":{"line":37,"column":13},"end":{"line":41,"column":2}},"7":{"start":{"line":43,"column":43},"end":{"line":51,"column":2}},"8":{"start":{"line":53,"column":13},"end":{"line":150,"column":3}},"9":{"start":{"line":61,"column":22},"end":{"line":61,"column":36}},"10":{"start":{"line":62,"column":6},"end":{"line":62,"column":30}},"11":{"start":{"line":63,"column":6},"end":{"line":63,"column":51}},"12":{"start":{"line":69,"column":6},"end":{"line":69,"column":37}},"13":{"start":{"line":70,"column":6},"end":{"line":70,"column":37}},"14":{"start":{"line":71,"column":6},"end":{"line":71,"column":39}},"15":{"start":{"line":77,"column":6},"end":{"line":77,"column":43}},"16":{"start":{"line":83,"column":6},"end":{"line":83,"column":35}},"17":{"start":{"line":89,"column":6},"end":{"line":89,"column":43}},"18":{"start":{"line":95,"column":6},"end":{"line":98,"column":null}},"19":{"start":{"line":96,"column":8},"end":{"line":96,"column":57}},"20":{"start":{"line":97,"column":8},"end":{"line":97,"column":61}},"21":{"start":{"line":104,"column":6},"end":{"line":104,"column":50}},"22":{"start":{"line":110,"column":6},"end":{"line":110,"column":46}},"23":{"start":{"line":111,"column":6},"end":{"line":111,"column":39}},"24":{"start":{"line":117,"column":6},"end":{"line":117,"column":49}},"25":{"start":{"line":118,"column":6},"end":{"line":118,"column":37}},"26":{"start":{"line":122,"column":4},"end":{"line":125,"column":7}},"27":{"start":{"line":123,"column":6},"end":{"line":123,"column":64}},"28":{"start":{"line":124,"column":6},"end":{"line":124,"column":26}},"29":{"start":{"line":126,"column":4},"end":{"line":136,"column":6}},"30":{"start":{"line":132,"column":28},"end":{"line":132,"column":42}},"31":{"start":{"line":133,"column":8},"end":{"line":133,"column":32}},"32":{"start":{"line":134,"column":8},"end":{"line":134,"column":53}},"33":{"start":{"line":137,"column":4},"end":{"line":148,"column":7}},"34":{"start":{"line":138,"column":6},"end":{"line":140,"column":null}},"35":{"start":{"line":139,"column":8},"end":{"line":139,"column":15}},"36":{"start":{"line":142,"column":39},"end":{"line":142,"column":53}},"37":{"start":{"line":143,"column":53},"end":{"line":143,"column":64}},"38":{"start":{"line":144,"column":6},"end":{"line":144,"column":30}},"39":{"start":{"line":145,"column":6},"end":{"line":145,"column":26}},"40":{"start":{"line":146,"column":6},"end":{"line":146,"column":30}},"41":{"start":{"line":147,"column":6},"end":{"line":147,"column":34}},"42":{"start":{"line":152,"column":13},"end":{"line":161,"column":null}},"43":{"start":{"line":164,"column":0},"end":{"line":164,"column":40}}},"fnMap":{"0":{"name":"(anonymous_0)","decl":{"start":{"line":57,"column":16},"end":{"line":57,"column":null}},"loc":{"start":{"line":60,"column":8},"end":{"line":64,"column":5}}},"1":{"name":"(anonymous_1)","decl":{"start":{"line":65,"column":16},"end":{"line":65,"column":null}},"loc":{"start":{"line":68,"column":8},"end":{"line":72,"column":5}}},"2":{"name":"(anonymous_2)","decl":{"start":{"line":73,"column":21},"end":{"line":73,"column":null}},"loc":{"start":{"line":76,"column":8},"end":{"line":78,"column":5}}},"3":{"name":"(anonymous_3)","decl":{"start":{"line":79,"column":21},"end":{"line":79,"column":null}},"loc":{"start":{"line":82,"column":8},"end":{"line":84,"column":5}}},"4":{"name":"(anonymous_4)","decl":{"start":{"line":85,"column":22},"end":{"line":85,"column":null}},"loc":{"start":{"line":88,"column":8},"end":{"line":90,"column":5}}},"5":{"name":"(anonymous_5)","decl":{"start":{"line":91,"column":25},"end":{"line":91,"column":null}},"loc":{"start":{"line":94,"column":8},"end":{"line":99,"column":5}}},"6":{"name":"(anonymous_6)","decl":{"start":{"line":100,"column":29},"end":{"line":100,"column":null}},"loc":{"start":{"line":103,"column":8},"end":{"line":105,"column":5}}},"7":{"name":"(anonymous_7)","decl":{"start":{"line":106,"column":25},"end":{"line":106,"column":null}},"loc":{"start":{"line":109,"column":8},"end":{"line":112,"column":5}}},"8":{"name":"(anonymous_8)","decl":{"start":{"line":113,"column":28},"end":{"line":113,"column":null}},"loc":{"start":{"line":116,"column":8},"end":{"line":119,"column":5}}},"9":{"name":"(anonymous_9)","decl":{"start":{"line":121,"column":17},"end":{"line":121,"column":18}},"loc":{"start":{"line":121,"column":29},"end":{"line":149,"column":3}}},"10":{"name":"(anonymous_10)","decl":{"start":{"line":122,"column":34},"end":{"line":122,"column":37}},"loc":{"start":{"line":122,"column":39},"end":{"line":125,"column":5}}},"11":{"name":"(anonymous_11)","decl":{"start":{"line":128,"column":6},"end":{"line":128,"column":null}},"loc":{"start":{"line":131,"column":10},"end":{"line":135,"column":7}}},"12":{"name":"(anonymous_12)","decl":{"start":{"line":137,"column":31},"end":{"line":137,"column":32}},"loc":{"start":{"line":137,"column":54},"end":{"line":148,"column":5}}}},"branchMap":{"0":{"loc":{"start":{"line":95,"column":6},"end":{"line":98,"column":null}},"type":"if","locations":[{"start":{"line":95,"column":6},"end":{"line":98,"column":null}}]},"1":{"loc":{"start":{"line":138,"column":6},"end":{"line":140,"column":null}},"type":"if","locations":[{"start":{"line":138,"column":6},"end":{"line":140,"column":null}}]},"2":{"loc":{"start":{"line":138,"column":11},"end":{"line":138,"column":34}},"type":"cond-expr","locations":[{"start":{"line":138,"column":25},"end":{"line":138,"column":27}},{"start":{"line":138,"column":25},"end":{"line":138,"column":34}}]},"3":{"loc":{"start":{"line":138,"column":11},"end":{"line":138,"column":27}},"type":"binary-expr","locations":[{"start":{"line":138,"column":11},"end":{"line":138,"column":27}},{"start":{"line":138,"column":25},"end":{"line":138,"column":27}}]}},"s":{"0":1,"1":1,"2":1,"3":1,"4":1,"5":1,"6":1,"7":1,"8":1,"9":0,"10":0,"11":0,"12":0,"13":0,"14":0,"15":0,"16":0,"17":0,"18":0,"19":0,"20":0,"21":0,"22":0,"23":0,"24":0,"25":0,"26":0,"27":0,"28":0,"29":0,"30":0,"31":0,"32":0,"33":0,"34":0,"35":0,"36":0,"37":0,"38":0,"39":0,"40":0,"41":0,"42":1,"43":1},"f":{"0":0,"1":0,"2":0,"3":0,"4":0,"5":0,"6":0,"7":0,"8":0,"9":0,"10":0,"11":0,"12":0},"b":{"0":[0],"1":[0],"2":[0,0],"3":[0,0]}}
,"/home/cipriand/src/elrond/dapp-core/src/reduxStore/slices/index.ts": {"path":"/home/cipriand/src/elrond/dapp-core/src/reduxStore/slices/index.ts","statementMap":{"0":{"start":{"line":1,"column":0},"end":{"line":1,"column":33}},"1":{"start":{"line":2,"column":0},"end":{"line":2,"column":37}},"2":{"start":{"line":3,"column":0},"end":{"line":3,"column":35}},"3":{"start":{"line":4,"column":0},"end":{"line":4,"column":36}},"4":{"start":{"line":5,"column":0},"end":{"line":5,"column":40}},"5":{"start":{"line":6,"column":0},"end":{"line":6,"column":30}},"6":{"start":{"line":7,"column":0},"end":{"line":7,"column":30}}},"fnMap":{},"branchMap":{},"s":{"0":1,"1":1,"2":1,"3":1,"4":1,"5":1,"6":1},"f":{},"b":{}}
,"/home/cipriand/src/elrond/dapp-core/src/reduxStore/slices/loginInfoSlice.ts": {"path":"/home/cipriand/src/elrond/dapp-core/src/reduxStore/slices/loginInfoSlice.ts","statementMap":{"0":{"start":{"line":1,"column":0},"end":{"line":1,"column":62}},"1":{"start":{"line":2,"column":0},"end":{"line":2,"column":79}},"2":{"start":{"line":4,"column":0},"end":{"line":4,"column":47}},"3":{"start":{"line":5,"column":0},"end":{"line":5,"column":null}},"4":{"start":{"line":37,"column":41},"end":{"line":45,"column":2}},"5":{"start":{"line":47,"column":13},"end":{"line":108,"column":3}},"6":{"start":{"line":55,"column":6},"end":{"line":55,"column":41}},"7":{"start":{"line":61,"column":6},"end":{"line":61,"column":40}},"8":{"start":{"line":67,"column":6},"end":{"line":69,"column":null}},"9":{"start":{"line":68,"column":8},"end":{"line":68,"column":52}},"10":{"start":{"line":75,"column":6},"end":{"line":75,"column":41}},"11":{"start":{"line":81,"column":6},"end":{"line":81,"column":48}},"12":{"start":{"line":87,"column":6},"end":{"line":87,"column":41}},"13":{"start":{"line":90,"column":6},"end":{"line":90,"column":41}},"14":{"start":{"line":94,"column":4},"end":{"line":96,"column":7}},"15":{"start":{"line":95,"column":6},"end":{"line":95,"column":26}},"16":{"start":{"line":97,"column":4},"end":{"line":106,"column":6}},"17":{"start":{"line":103,"column":8},"end":{"line":103,"column":55}},"18":{"start":{"line":104,"column":8},"end":{"line":104,"column":57}},"19":{"start":{"line":110,"column":13},"end":{"line":117,"column":null}},"20":{"start":{"line":120,"column":0},"end":{"line":120,"column":38}}},"fnMap":{"0":{"name":"(anonymous_0)","decl":{"start":{"line":51,"column":20},"end":{"line":51,"column":null}},"loc":{"start":{"line":54,"column":8},"end":{"line":56,"column":5}}},"1":{"name":"(anonymous_1)","decl":{"start":{"line":57,"column":19},"end":{"line":57,"column":null}},"loc":{"start":{"line":60,"column":8},"end":{"line":62,"column":5}}},"2":{"name":"(anonymous_2)","decl":{"start":{"line":63,"column":28},"end":{"line":63,"column":null}},"loc":{"start":{"line":66,"column":8},"end":{"line":70,"column":5}}},"3":{"name":"(anonymous_3)","decl":{"start":{"line":71,"column":20},"end":{"line":71,"column":null}},"loc":{"start":{"line":74,"column":8},"end":{"line":76,"column":5}}},"4":{"name":"(anonymous_4)","decl":{"start":{"line":77,"column":27},"end":{"line":77,"column":null}},"loc":{"start":{"line":80,"column":8},"end":{"line":82,"column":5}}},"5":{"name":"(anonymous_5)","decl":{"start":{"line":83,"column":20},"end":{"line":83,"column":null}},"loc":{"start":{"line":86,"column":8},"end":{"line":88,"column":5}}},"6":{"name":"(anonymous_6)","decl":{"start":{"line":89,"column":28},"end":{"line":89,"column":29}},"loc":{"start":{"line":89,"column":58},"end":{"line":91,"column":5}}},"7":{"name":"(anonymous_7)","decl":{"start":{"line":93,"column":17},"end":{"line":93,"column":18}},"loc":{"start":{"line":93,"column":29},"end":{"line":107,"column":3}}},"8":{"name":"(anonymous_8)","decl":{"start":{"line":94,"column":34},"end":{"line":94,"column":37}},"loc":{"start":{"line":94,"column":39},"end":{"line":96,"column":5}}},"9":{"name":"(anonymous_9)","decl":{"start":{"line":99,"column":6},"end":{"line":99,"column":null}},"loc":{"start":{"line":102,"column":10},"end":{"line":105,"column":7}}}},"branchMap":{"0":{"loc":{"start":{"line":67,"column":6},"end":{"line":69,"column":null}},"type":"if","locations":[{"start":{"line":67,"column":6},"end":{"line":69,"column":null}}]},"1":{"loc":{"start":{"line":67,"column":10},"end":{"line":67,"column":27}},"type":"cond-expr","locations":[{"start":{"line":67,"column":15},"end":{"line":67,"column":17}},{"start":{"line":67,"column":10},"end":{"line":67,"column":27}}]},"2":{"loc":{"start":{"line":67,"column":10},"end":{"line":67,"column":17}},"type":"binary-expr","locations":[{"start":{"line":67,"column":10},"end":{"line":67,"column":17}},{"start":{"line":67,"column":10},"end":{"line":67,"column":17}}]}},"s":{"0":1,"1":1,"2":1,"3":1,"4":1,"5":1,"6":0,"7":0,"8":0,"9":0,"10":0,"11":0,"12":0,"13":0,"14":0,"15":0,"16":0,"17":0,"18":0,"19":1,"20":1},"f":{"0":0,"1":0,"2":0,"3":0,"4":0,"5":0,"6":0,"7":0,"8":0,"9":0},"b":{"0":[0],"1":[0,0],"2":[0,0]}}
,"/home/cipriand/src/elrond/dapp-core/src/reduxStore/slices/modalsSlice.ts": {"path":"/home/cipriand/src/elrond/dapp-core/src/reduxStore/slices/modalsSlice.ts","statementMap":{"0":{"start":{"line":1,"column":0},"end":{"line":1,"column":62}},"1":{"start":{"line":3,"column":0},"end":{"line":3,"column":48}},"2":{"start":{"line":22,"column":39},"end":{"line":22,"column":41}},"3":{"start":{"line":24,"column":13},"end":{"line":53,"column":3}},"4":{"start":{"line":32,"column":6},"end":{"line":32,"column":46}},"5":{"start":{"line":38,"column":6},"end":{"line":38,"column":47}},"6":{"start":{"line":41,"column":6},"end":{"line":41,"column":41}},"7":{"start":{"line":44,"column":6},"end":{"line":44,"column":42}},"8":{"start":{"line":49,"column":4},"end":{"line":51,"column":7}},"9":{"start":{"line":50,"column":6},"end":{"line":50,"column":26}},"10":{"start":{"line":55,"column":13},"end":{"line":59,"column":null}},"11":{"start":{"line":62,"column":0},"end":{"line":62,"column":35}}},"fnMap":{"0":{"name":"(anonymous_0)","decl":{"start":{"line":28,"column":25},"end":{"line":28,"column":null}},"loc":{"start":{"line":31,"column":8},"end":{"line":33,"column":5}}},"1":{"name":"(anonymous_1)","decl":{"start":{"line":34,"column":26},"end":{"line":34,"column":null}},"loc":{"start":{"line":37,"column":8},"end":{"line":39,"column":5}}},"2":{"name":"(anonymous_2)","decl":{"start":{"line":40,"column":27},"end":{"line":40,"column":28}},"loc":{"start":{"line":40,"column":55},"end":{"line":42,"column":5}}},"3":{"name":"(anonymous_3)","decl":{"start":{"line":43,"column":28},"end":{"line":43,"column":29}},"loc":{"start":{"line":43,"column":56},"end":{"line":45,"column":5}}},"4":{"name":"(anonymous_4)","decl":{"start":{"line":48,"column":17},"end":{"line":48,"column":18}},"loc":{"start":{"line":48,"column":29},"end":{"line":52,"column":3}}},"5":{"name":"(anonymous_5)","decl":{"start":{"line":49,"column":34},"end":{"line":49,"column":37}},"loc":{"start":{"line":49,"column":39},"end":{"line":51,"column":5}}}},"branchMap":{},"s":{"0":1,"1":1,"2":1,"3":1,"4":0,"5":0,"6":0,"7":0,"8":0,"9":0,"10":1,"11":1},"f":{"0":0,"1":0,"2":0,"3":0,"4":0,"5":0},"b":{}}
,"/home/cipriand/src/elrond/dapp-core/src/reduxStore/slices/networkConfigSlice.ts": {"path":"/home/cipriand/src/elrond/dapp-core/src/reduxStore/slices/networkConfigSlice.ts","statementMap":{"0":{"start":{"line":1,"column":0},"end":{"line":1,"column":62}},"1":{"start":{"line":2,"column":0},"end":{"line":2,"column":31}},"2":{"start":{"line":8,"column":0},"end":{"line":8,"column":61}},"3":{"start":{"line":10,"column":13},"end":{"line":26,"column":2}},"4":{"start":{"line":33,"column":45},"end":{"line":36,"column":2}},"5":{"start":{"line":38,"column":13},"end":{"line":71,"column":3}},"6":{"start":{"line":46,"column":41},"end":{"line":47,"column":null}},"7":{"start":{"line":49,"column":42},"end":{"line":50,"column":null}},"8":{"start":{"line":52,"column":39},"end":{"line":55,"column":null}},"9":{"start":{"line":57,"column":6},"end":{"line":62,"column":8}},"10":{"start":{"line":68,"column":6},"end":{"line":68,"column":37}},"11":{"start":{"line":73,"column":13},"end":{"line":75,"column":null}},"12":{"start":{"line":78,"column":0},"end":{"line":78,"column":42}}},"fnMap":{"0":{"name":"(anonymous_1)","decl":{"start":{"line":42,"column":29},"end":{"line":42,"column":null}},"loc":{"start":{"line":45,"column":8},"end":{"line":63,"column":5}}},"1":{"name":"(anonymous_2)","decl":{"start":{"line":64,"column":16},"end":{"line":64,"column":null}},"loc":{"start":{"line":67,"column":8},"end":{"line":69,"column":5}}}},"branchMap":{},"s":{"0":1,"1":1,"2":1,"3":1,"4":1,"5":1,"6":0,"7":0,"8":0,"9":0,"10":0,"11":1,"12":1},"f":{"0":0,"1":0},"b":{}}
,"/home/cipriand/src/elrond/dapp-core/src/reduxStore/slices/toastsSlice.ts": {"path":"/home/cipriand/src/elrond/dapp-core/src/reduxStore/slices/toastsSlice.ts","statementMap":{"0":{"start":{"line":1,"column":0},"end":{"line":1,"column":62}},"1":{"start":{"line":2,"column":0},"end":{"line":2,"column":35}},"2":{"start":{"line":3,"column":0},"end":{"line":3,"column":48}},"3":{"start":{"line":9,"column":0},"end":{"line":9,"column":67}},"4":{"start":{"line":10,"column":0},"end":{"line":10,"column":75}},"5":{"start":{"line":18,"column":39},"end":{"line":22,"column":2}},"6":{"start":{"line":24,"column":13},"end":{"line":86,"column":3}},"7":{"start":{"line":32,"column":6},"end":{"line":38,"column":9}},"8":{"start":{"line":44,"column":6},"end":{"line":46,"column":8}},"9":{"start":{"line":45,"column":19},"end":{"line":45,"column":51}},"10":{"start":{"line":52,"column":6},"end":{"line":57,"column":9}},"11":{"start":{"line":63,"column":6},"end":{"line":65,"column":9}},"12":{"start":{"line":64,"column":8},"end":{"line":64,"column":48}},"13":{"start":{"line":71,"column":6},"end":{"line":74,"column":8}},"14":{"start":{"line":77,"column":6},"end":{"line":77,"column":40}},"15":{"start":{"line":82,"column":4},"end":{"line":84,"column":7}},"16":{"start":{"line":83,"column":6},"end":{"line":83,"column":26}},"17":{"start":{"line":88,"column":13},"end":{"line":94,"column":null}},"18":{"start":{"line":97,"column":0},"end":{"line":97,"column":35}}},"fnMap":{"0":{"name":"(anonymous_0)","decl":{"start":{"line":28,"column":20},"end":{"line":28,"column":null}},"loc":{"start":{"line":31,"column":8},"end":{"line":39,"column":5}}},"1":{"name":"(anonymous_1)","decl":{"start":{"line":40,"column":23},"end":{"line":40,"column":null}},"loc":{"start":{"line":43,"column":8},"end":{"line":47,"column":5}}},"2":{"name":"(anonymous_2)","decl":{"start":{"line":45,"column":8},"end":{"line":45,"column":9}},"loc":{"start":{"line":45,"column":19},"end":{"line":45,"column":51}}},"3":{"name":"(anonymous_3)","decl":{"start":{"line":48,"column":25},"end":{"line":48,"column":null}},"loc":{"start":{"line":51,"column":8},"end":{"line":58,"column":5}}},"4":{"name":"(anonymous_4)","decl":{"start":{"line":59,"column":28},"end":{"line":59,"column":null}},"loc":{"start":{"line":62,"column":8},"end":{"line":66,"column":5}}},"5":{"name":"(anonymous_5)","decl":{"start":{"line":63,"column":63},"end":{"line":63,"column":64}},"loc":{"start":{"line":63,"column":73},"end":{"line":65,"column":7}}},"6":{"name":"(anonymous_6)","decl":{"start":{"line":67,"column":29},"end":{"line":67,"column":null}},"loc":{"start":{"line":70,"column":8},"end":{"line":75,"column":5}}},"7":{"name":"(anonymous_7)","decl":{"start":{"line":76,"column":32},"end":{"line":76,"column":33}},"loc":{"start":{"line":76,"column":60},"end":{"line":78,"column":5}}},"8":{"name":"(anonymous_8)","decl":{"start":{"line":81,"column":17},"end":{"line":81,"column":18}},"loc":{"start":{"line":81,"column":29},"end":{"line":85,"column":3}}},"9":{"name":"(anonymous_9)","decl":{"start":{"line":82,"column":34},"end":{"line":82,"column":37}},"loc":{"start":{"line":82,"column":39},"end":{"line":84,"column":5}}}},"branchMap":{"0":{"loc":{"start":{"line":36,"column":10},"end":{"line":37,"column":57}},"type":"binary-expr","locations":[{"start":{"line":36,"column":10},"end":{"line":36,"column":32}},{"start":{"line":37,"column":10},"end":{"line":37,"column":57}}]},"1":{"loc":{"start":{"line":56,"column":10},"end":{"line":56,"column":80}},"type":"binary-expr","locations":[{"start":{"line":56,"column":10},"end":{"line":56,"column":24}},{"start":{"line":56,"column":28},"end":{"line":56,"column":80}}]}},"s":{"0":1,"1":1,"2":1,"3":1,"4":1,"5":1,"6":1,"7":0,"8":0,"9":0,"10":0,"11":0,"12":0,"13":0,"14":0,"15":0,"16":0,"17":1,"18":1},"f":{"0":0,"1":0,"2":0,"3":0,"4":0,"5":0,"6":0,"7":0,"8":0,"9":0},"b":{"0":[0,0],"1":[0,0]}}
,"/home/cipriand/src/elrond/dapp-core/src/reduxStore/slices/transactionsInfoSlice.ts": {"path":"/home/cipriand/src/elrond/dapp-core/src/reduxStore/slices/transactionsInfoSlice.ts","statementMap":{"0":{"start":{"line":1,"column":0},"end":{"line":1,"column":62}},"1":{"start":{"line":3,"column":0},"end":{"line":3,"column":48}},"2":{"start":{"line":14,"column":13},"end":{"line":14,"column":67}},"3":{"start":{"line":15,"column":13},"end":{"line":15,"column":73}},"4":{"start":{"line":16,"column":13},"end":{"line":16,"column":76}},"5":{"start":{"line":17,"column":13},"end":{"line":17,"column":74}},"6":{"start":{"line":19,"column":32},"end":{"line":19,"column":34}},"7":{"start":{"line":21,"column":13},"end":{"line":63,"column":3}},"8":{"start":{"line":29,"column":53},"end":{"line":29,"column":67}},"9":{"start":{"line":30,"column":6},"end":{"line":46,"column":null}},"10":{"start":{"line":31,"column":8},"end":{"line":45,"column":10}},"11":{"start":{"line":52,"column":6},"end":{"line":54,"column":null}},"12":{"start":{"line":53,"column":8},"end":{"line":53,"column":37}},"13":{"start":{"line":56,"column":33},"end":{"line":56,"column":45}},"14":{"start":{"line":59,"column":4},"end":{"line":61,"column":7}},"15":{"start":{"line":60,"column":6},"end":{"line":60,"column":26}},"16":{"start":{"line":65,"column":13},"end":{"line":68,"column":null}},"17":{"start":{"line":71,"column":0},"end":{"line":71,"column":45}}},"fnMap":{"0":{"name":"(anonymous_0)","decl":{"start":{"line":25,"column":4},"end":{"line":25,"column":30}},"loc":{"start":{"line":27,"column":59},"end":{"line":47,"column":5}}},"1":{"name":"(anonymous_1)","decl":{"start":{"line":48,"column":4},"end":{"line":48,"column":37}},"loc":{"start":{"line":50,"column":47},"end":{"line":55,"column":5}}},"2":{"name":"(anonymous_2)","decl":{"start":{"line":56,"column":27},"end":{"line":56,"column":30}},"loc":{"start":{"line":56,"column":33},"end":{"line":56,"column":45}}},"3":{"name":"(anonymous_3)","decl":{"start":{"line":58,"column":17},"end":{"line":58,"column":18}},"loc":{"start":{"line":58,"column":29},"end":{"line":62,"column":3}}},"4":{"name":"(anonymous_4)","decl":{"start":{"line":59,"column":34},"end":{"line":59,"column":37}},"loc":{"start":{"line":59,"column":39},"end":{"line":61,"column":5}}}},"branchMap":{"0":{"loc":{"start":{"line":30,"column":6},"end":{"line":46,"column":null}},"type":"if","locations":[{"start":{"line":30,"column":6},"end":{"line":46,"column":null}}]},"1":{"loc":{"start":{"line":33,"column":12},"end":{"line":34,"column":42}},"type":"binary-expr","locations":[{"start":{"line":33,"column":12},"end":{"line":33,"column":49}},{"start":{"line":34,"column":12},"end":{"line":34,"column":42}}]},"2":{"loc":{"start":{"line":33,"column":12},"end":{"line":33,"column":49}},"type":"cond-expr","locations":[{"start":{"line":33,"column":35},"end":{"line":33,"column":37}},{"start":{"line":33,"column":12},"end":{"line":33,"column":49}}]},"3":{"loc":{"start":{"line":33,"column":12},"end":{"line":33,"column":37}},"type":"binary-expr","locations":[{"start":{"line":33,"column":12},"end":{"line":33,"column":37}},{"start":{"line":33,"column":12},"end":{"line":33,"column":37}}]},"4":{"loc":{"start":{"line":36,"column":12},"end":{"line":37,"column":44}},"type":"binary-expr","locations":[{"start":{"line":36,"column":12},"end":{"line":36,"column":51}},{"start":{"line":37,"column":12},"end":{"line":37,"column":44}}]},"5":{"loc":{"start":{"line":36,"column":12},"end":{"line":36,"column":51}},"type":"cond-expr","locations":[{"start":{"line":36,"column":35},"end":{"line":36,"column":37}},{"start":{"line":36,"column":12},"end":{"line":36,"column":51}}]},"6":{"loc":{"start":{"line":36,"column":12},"end":{"line":36,"column":37}},"type":"binary-expr","locations":[{"start":{"line":36,"column":12},"end":{"line":36,"column":37}},{"start":{"line":36,"column":12},"end":{"line":36,"column":37}}]},"7":{"loc":{"start":{"line":39,"column":12},"end":{"line":40,"column":47}},"type":"binary-expr","locations":[{"start":{"line":39,"column":12},"end":{"line":39,"column":54}},{"start":{"line":40,"column":12},"end":{"line":40,"column":47}}]},"8":{"loc":{"start":{"line":39,"column":12},"end":{"line":39,"column":54}},"type":"cond-expr","locations":[{"start":{"line":39,"column":35},"end":{"line":39,"column":37}},{"start":{"line":39,"column":12},"end":{"line":39,"column":54}}]},"9":{"loc":{"start":{"line":39,"column":12},"end":{"line":39,"column":37}},"type":"binary-expr","locations":[{"start":{"line":39,"column":12},"end":{"line":39,"column":37}},{"start":{"line":39,"column":12},"end":{"line":39,"column":37}}]},"10":{"loc":{"start":{"line":42,"column":12},"end":{"line":43,"column":46}},"type":"binary-expr","locations":[{"start":{"line":42,"column":12},"end":{"line":42,"column":53}},{"start":{"line":43,"column":12},"end":{"line":43,"column":46}}]},"11":{"loc":{"start":{"line":42,"column":12},"end":{"line":42,"column":53}},"type":"cond-expr","locations":[{"start":{"line":42,"column":35},"end":{"line":42,"column":37}},{"start":{"line":42,"column":12},"end":{"line":42,"column":53}}]},"12":{"loc":{"start":{"line":42,"column":12},"end":{"line":42,"column":37}},"type":"binary-expr","locations":[{"start":{"line":42,"column":12},"end":{"line":42,"column":37}},{"start":{"line":42,"column":12},"end":{"line":42,"column":37}}]},"13":{"loc":{"start":{"line":44,"column":31},"end":{"line":44,"column":75}},"type":"cond-expr","locations":[{"start":{"line":44,"column":54},"end":{"line":44,"column":56}},{"start":{"line":44,"column":31},"end":{"line":44,"column":75}}]},"14":{"loc":{"start":{"line":44,"column":31},"end":{"line":44,"column":56}},"type":"binary-expr","locations":[{"start":{"line":44,"column":31},"end":{"line":44,"column":56}},{"start":{"line":44,"column":31},"end":{"line":44,"column":56}}]},"15":{"loc":{"start":{"line":52,"column":6},"end":{"line":54,"column":null}},"type":"if","locations":[{"start":{"line":52,"column":6},"end":{"line":54,"column":null}}]}},"s":{"0":1,"1":1,"2":1,"3":1,"4":1,"5":1,"6":1,"7":1,"8":0,"9":0,"10":0,"11":0,"12":0,"13":0,"14":0,"15":0,"16":1,"17":1},"f":{"0":0,"1":0,"2":0,"3":0,"4":0},"b":{"0":[0],"1":[0,0],"2":[0,0],"3":[0,0],"4":[0,0],"5":[0,0],"6":[0,0],"7":[0,0],"8":[0,0],"9":[0,0],"10":[0,0],"11":[0,0],"12":[0,0],"13":[0,0],"14":[0,0],"15":[0]}}
,"/home/cipriand/src/elrond/dapp-core/src/reduxStore/slices/transactionsSlice.ts": {"path":"/home/cipriand/src/elrond/dapp-core/src/reduxStore/slices/transactionsSlice.ts","statementMap":{"0":{"start":{"line":1,"column":0},"end":{"line":1,"column":62}},"1":{"start":{"line":2,"column":0},"end":{"line":2,"column":42}},"2":{"start":{"line":3,"column":0},"end":{"line":3,"column":null}},"3":{"start":{"line":14,"column":0},"end":{"line":14,"column":null}},"4":{"start":{"line":18,"column":0},"end":{"line":18,"column":48}},"5":{"start":{"line":48,"column":49},"end":{"line":53,"column":2}},"6":{"start":{"line":55,"column":63},"end":{"line":59,"column":2}},"7":{"start":{"line":61,"column":13},"end":{"line":224,"column":3}},"8":{"start":{"line":69,"column":64},"end":{"line":69,"column":78}},"9":{"start":{"line":71,"column":8},"end":{"line":72,"column":32}},"10":{"start":{"line":73,"column":6},"end":{"line":78,"column":8}},"11":{"start":{"line":79,"column":6},"end":{"line":81,"column":null}},"12":{"start":{"line":80,"column":8},"end":{"line":80,"column":67}},"13":{"start":{"line":88,"column":6},"end":{"line":90,"column":null}},"14":{"start":{"line":89,"column":8},"end":{"line":89,"column":56}},"15":{"start":{"line":93,"column":6},"end":{"line":95,"column":null}},"16":{"start":{"line":94,"column":8},"end":{"line":94,"column":40}},"17":{"start":{"line":101,"column":6},"end":{"line":104,"column":8}},"18":{"start":{"line":110,"column":64},"end":{"line":110,"column":78}},"19":{"start":{"line":111,"column":26},"end":{"line":111,"column":61}},"20":{"start":{"line":112,"column":6},"end":{"line":120,"column":null}},"21":{"start":{"line":113,"column":8},"end":{"line":113,"column":60}},"22":{"start":{"line":114,"column":8},"end":{"line":116,"column":null}},"23":{"start":{"line":115,"column":10},"end":{"line":115,"column":74}},"24":{"start":{"line":117,"column":8},"end":{"line":119,"column":null}},"25":{"start":{"line":118,"column":10},"end":{"line":118,"column":74}},"26":{"start":{"line":131,"column":10},"end":{"line":131,"column":24}},"27":{"start":{"line":132,"column":27},"end":{"line":132,"column":78}},"28":{"start":{"line":133,"column":6},"end":{"line":165,"column":null}},"29":{"start":{"line":134,"column":8},"end":{"line":145,"column":10}},"30":{"start":{"line":136,"column":12},"end":{"line":142,"column":null}},"31":{"start":{"line":137,"column":14},"end":{"line":140,"column":null}},"32":{"start":{"line":143,"column":12},"end":{"line":143,"column":31}},"33":{"start":{"line":146,"column":42},"end":{"line":150,"column":10}},"34":{"start":{"line":149,"column":10},"end":{"line":149,"column":64}},"35":{"start":{"line":152,"column":38},"end":{"line":155,"column":null}},"36":{"start":{"line":155,"column":10},"end":{"line":155,"column":52}},"37":{"start":{"line":157,"column":8},"end":{"line":160,"column":null}},"38":{"start":{"line":158,"column":10},"end":{"line":159,"column":49}},"39":{"start":{"line":161,"column":8},"end":{"line":164,"column":null}},"40":{"start":{"line":162,"column":10},"end":{"line":163,"column":46}},"41":{"start":{"line":171,"column":6},"end":{"line":171,"column":48}},"42":{"start":{"line":173,"column":58},"end":{"line":173,"column":72}},"43":{"start":{"line":174,"column":6},"end":{"line":176,"column":39}},"44":{"start":{"line":178,"column":6},"end":{"line":178,"column":41}},"45":{"start":{"line":181,"column":6},"end":{"line":181,"column":65}},"46":{"start":{"line":182,"column":6},"end":{"line":182,"column":41}},"47":{"start":{"line":185,"column":6},"end":{"line":185,"column":65}},"48":{"start":{"line":188,"column":6},"end":{"line":188,"column":51}},"49":{"start":{"line":192,"column":4},"end":{"line":194,"column":7}},"50":{"start":{"line":193,"c
[...]
:19,"column":22}},"13":{"start":{"line":31,"column":2},"end":{"line":33,"column":null}},"14":{"start":{"line":32,"column":4},"end":{"line":32,"column":18}},"15":{"start":{"line":35,"column":26},"end":{"line":35,"column":76}},"16":{"start":{"line":37,"column":4},"end":{"line":37,"column":79}},"17":{"start":{"line":39,"column":2},"end":{"line":59,"column":null}},"18":{"start":{"line":40,"column":44},"end":{"line":40,"column":59}},"19":{"start":{"line":41,"column":4},"end":{"line":58,"column":null}},"20":{"start":{"line":42,"column":22},"end":{"line":42,"column":72}},"21":{"start":{"line":44,"column":6},"end":{"line":46,"column":null}},"22":{"start":{"line":45,"column":8},"end":{"line":45,"column":22}},"23":{"start":{"line":48,"column":21},"end":{"line":50,"column":20}},"24":{"start":{"line":52,"column":6},"end":{"line":55,"column":8}},"25":{"start":{"line":57,"column":6},"end":{"line":57,"column":68}},"26":{"start":{"line":61,"column":2},"end":{"line":83,"column":null}},"27":{"start":{"line":62,"column":4},"end":{"line":82,"column":20}},"28":{"start":{"line":69,"column":10},"end":{"line":69,"column":26}},"29":{"start":{"line":70,"column":6},"end":{"line":81,"column":null}},"30":{"start":{"line":71,"column":62},"end":{"line":71,"column":73}},"31":{"start":{"line":74,"column":8},"end":{"line":80,"column":10}},"32":{"start":{"line":85,"column":2},"end":{"line":85,"column":16}},"33":{"start":{"line":22,"column":0},"end":{"line":22,"column":16}}},"fnMap":{"0":{"name":"(anonymous_1)","decl":{"start":{"line":12,"column":19},"end":{"line":12,"column":20}},"loc":{"start":{"line":12,"column":36},"end":{"line":20,"column":1}}},"1":{"name":"(anonymous_2)","decl":{"start":{"line":16,"column":33},"end":{"line":16,"column":34}},"loc":{"start":{"line":17,"column":4},"end":{"line":17,"column":67}}},"2":{"name":"getTokenFromData","decl":{"start":{"line":22,"column":16},"end":{"line":22,"column":32}},"loc":{"start":{"line":23,"column":15},"end":{"line":86,"column":1}}},"3":{"name":"(anonymous_4)","decl":{"start":{"line":71,"column":54},"end":{"line":71,"column":55}},"loc":{"start":{"line":71,"column":62},"end":{"line":71,"column":73}}}},"branchMap":{"0":{"loc":{"start":{"line":17,"column":4},"end":{"line":17,"column":67}},"type":"cond-expr","locations":[{"start":{"line":17,"column":44},"end":{"line":17,"column":48}},{"start":{"line":17,"column":51},"end":{"line":17,"column":67}}]},"1":{"loc":{"start":{"line":31,"column":2},"end":{"line":33,"column":null}},"type":"if","locations":[{"start":{"line":31,"column":2},"end":{"line":33,"column":null}}]},"2":{"loc":{"start":{"line":37,"column":4},"end":{"line":37,"column":79}},"type":"binary-expr","locations":[{"start":{"line":37,"column":4},"end":{"line":37,"column":57}},{"start":{"line":37,"column":61},"end":{"line":37,"column":79}}]},"3":{"loc":{"start":{"line":39,"column":2},"end":{"line":59,"column":null}},"type":"if","locations":[{"start":{"line":39,"column":2},"end":{"line":59,"column":null}}]},"4":{"loc":{"start":{"line":44,"column":6},"end":{"line":46,"column":null}},"type":"if","locations":[{"start":{"line":44,"column":6},"end":{"line":46,"column":null}}]},"5":{"loc":{"start":{"line":61,"column":2},"end":{"line":83,"column":null}},"type":"if","locations":[{"start":{"line":61,"column":2},"end":{"line":83,"column":null}}]},"6":{"loc":{"start":{"line":70,"column":6},"end":{"line":81,"column":null}},"type":"if","locations":[{"start":{"line":70,"column":6},"end":{"line":81,"column":null}}]},"7":{"loc":{"start":{"line":71,"column":8},"end":{"line":72,"column":54}},"type":"binary-expr","locations":[{"start":{"line":71,"column":8},"end":{"line":71,"column":74}},{"start":{"line":72,"column":8},"end":{"line":72,"column":54}}]}},"s":{"0":1,"1":1,"2":1,"3":1,"4":1,"5":1,"6":1,"7":1,"8":1,"9":1,"10":1,"11":5,"12":1,"13":3,"14":0,"15":3,"16":3,"17":3,"18":1,"19":1,"20":1,"21":1,"22":0,"23":1,"24":1,"25":0,"26":2,"27":1,"28":1,"29":1,"30":4,"31":1,"32":1,"33":1},"f":{"0":1,"1":5,"2":3,"3":4},"b":{"0":[2,3],"1":[0],"2":[3,1],"3":[1],"4":[0],"5":[1],"6":[1],"7":[1,1]}}
,"/home/cipriand/src/elrond/dapp-core/src/utils/transactions/transactionStateByStatus.ts": {"path":"/home/cipriand/src/elrond/dapp-core/src/utils/transactions/transactionStateByStatus.ts","statementMap":{"0":{"start":{"line":1,"column":0},"end":{"line":1,"column":null}},"1":{"start":{"line":6,"column":13},"end":{"line":8,"column":2}},"2":{"start":{"line":9,"column":13},"end":{"line":11,"column":2}},"3":{"start":{"line":13,"column":13},"end":{"line":17,"column":2}},"4":{"start":{"line":19,"column":13},"end":{"line":21,"column":2}},"5":{"start":{"line":23,"column":13},"end":{"line":25,"column":2}},"6":{"start":{"line":27,"column":13},"end":{"line":29,"column":2}},"7":{"start":{"line":31,"column":13},"end":{"line":34,"column":2}},"8":{"start":{"line":39,"column":2},"end":{"line":43,"column":4}},"9":{"start":{"line":36,"column":0},"end":{"line":36,"column":16}},"10":{"start":{"line":49,"column":2},"end":{"line":53,"column":4}},"11":{"start":{"line":46,"column":0},"end":{"line":46,"column":16}},"12":{"start":{"line":59,"column":2},"end":{"line":63,"column":4}},"13":{"start":{"line":56,"column":0},"end":{"line":56,"column":16}},"14":{"start":{"line":69,"column":2},"end":{"line":72,"column":4}},"15":{"start":{"line":66,"column":0},"end":{"line":66,"column":16}},"16":{"start":{"line":78,"column":2},"end":{"line":78,"column":75}},"17":{"start":{"line":75,"column":0},"end":{"line":75,"column":16}},"18":{"start":{"line":84,"column":2},"end":{"line":84,"column":75}},"19":{"start":{"line":81,"column":0},"end":{"line":81,"column":16}},"20":{"start":{"line":88,"column":2},"end":{"line":88,"column":72}},"21":{"start":{"line":87,"column":0},"end":{"line":87,"column":16}},"22":{"start":{"line":94,"column":2},"end":{"line":94,"column":76}},"23":{"start":{"line":91,"column":0},"end":{"line":91,"column":16}},"24":{"start":{"line":100,"column":2},"end":{"line":100,"column":78}},"25":{"start":{"line":97,"column":0},"end":{"line":97,"column":16}},"26":{"start":{"line":105,"column":2},"end":{"line":105,"column":76}},"27":{"start":{"line":102,"column":0},"end":{"line":102,"column":16}},"28":{"start":{"line":111,"column":2},"end":{"line":111,"column":73}},"29":{"start":{"line":108,"column":0},"end":{"line":108,"column":16}}},"fnMap":{"0":{"name":"getIsTransactionPending","decl":{"start":{"line":36,"column":16},"end":{"line":36,"column":39}},"loc":{"start":{"line":37,"column":71},"end":{"line":44,"column":1}}},"1":{"name":"getIsTransactionSuccessful","decl":{"start":{"line":46,"column":16},"end":{"line":46,"column":42}},"loc":{"start":{"line":47,"column":71},"end":{"line":54,"column":1}}},"2":{"name":"getIsTransactionFailed","decl":{"start":{"line":56,"column":16},"end":{"line":56,"column":38}},"loc":{"start":{"line":57,"column":71},"end":{"line":64,"column":1}}},"3":{"name":"getIsTransactionTimedOut","decl":{"start":{"line":66,"column":16},"end":{"line":66,"column":40}},"loc":{"start":{"line":67,"column":71},"end":{"line":73,"column":1}}},"4":{"name":"isBatchTransactionPending","decl":{"start":{"line":75,"column":16},"end":{"line":75,"column":41}},"loc":{"start":{"line":76,"column":39},"end":{"line":79,"column":1}}},"5":{"name":"isBatchTransactionSuccessful","decl":{"start":{"line":81,"column":16},"end":{"line":81,"column":44}},"loc":{"start":{"line":82,"column":38},"end":{"line":85,"column":1}}},"6":{"name":"isBatchTransactionFailed","decl":{"start":{"line":87,"column":16},"end":{"line":87,"column":40}},"loc":{"start":{"line":87,"column":77},"end":{"line":89,"column":1}}},"7":{"name":"isBatchTransactionTimedOut","decl":{"start":{"line":91,"column":16},"end":{"line":91,"column":42}},"loc":{"start":{"line":92,"column":39},"end":{"line":95,"column":1}}},"8":{"name":"isServerTransactionPending","decl":{"start":{"line":97,"column":16},"end":{"line":97,"column":42}},"loc":{"start":{"line":98,"column":40},"end":{"line":101,"column":1}}},"9":{"name":"isServerTransactionSuccessful","decl":{"start":{"line":102,"column":16},"end":{"line":102,"column":45}},"loc":{"start":{"line":103,"column":39},"end":{"line":106,"column":1}}},"10":{"name":"isServerTransactionFailed","decl":{"start":{"line":108,"column":16},"end":{"line":108,"column":41}},"loc":{"start":{"line":109,"column":39},"end":{"line":112,"column":1}}}},"branchMap":{"0":{"loc":{"start":{"line":40,"column":4},"end":{"line":42,"column":74}},"type":"binary-expr","locations":[{"start":{"line":40,"column":4},"end":{"line":40,"column":18}},{"start":{"line":41,"column":5},"end":{"line":41,"column":70}},{"start":{"line":42,"column":6},"end":{"line":42,"column":73}}]},"1":{"loc":{"start":{"line":50,"column":4},"end":{"line":52,"column":77}},"type":"binary-expr","locations":[{"start":{"line":50,"column":4},"end":{"line":50,"column":18}},{"start":{"line":51,"column":5},"end":{"line":51,"column":73}},{"start":{"line":52,"column":6},"end":{"line":52,"column":76}}]},"2":{"loc":{"start":{"line":60,"column":4},"end":{"line":62,"column":73}},"type":"binary-expr","locations":[{"start":{"line":60,"column":4},"end":{"line":60,"column":18}},{"start":{"line":61,"column":5},"end":{"line":61,"column":69}},{"start":{"line":62,"column":6},"end":{"line":62,"column":72}}]},"3":{"loc":{"start":{"line":70,"column":4},"end":{"line":71,"column":70}},"type":"binary-expr","locations":[{"start":{"line":70,"column":4},"end":{"line":70,"column":18}},{"start":{"line":71,"column":4},"end":{"line":71,"column":70}}]},"4":{"loc":{"start":{"line":78,"column":9},"end":{"line":78,"column":74}},"type":"binary-expr","locations":[{"start":{"line":78,"column":9},"end":{"line":78,"column":23}},{"start":{"line":78,"column":27},"end":{"line":78,"column":74}}]},"5":{"loc":{"start":{"line":84,"column":9},"end":{"line":84,"column":74}},"type":"binary-expr","locations":[{"start":{"line":84,"column":9},"end":{"line":84,"column":23}},{"start":{"line":84,"column":27},"end":{"line":84,"column":74}}]},"6":{"loc":{"start":{"line":88,"column":9},"end":{"line":88,"column":71}},"type":"binary-expr","locations":[{"start":{"line":88,"column":9},"end":{"line":88,"column":23}},{"start":{"line":88,"column":27},"end":{"line":88,"column":71}}]},"7":{"loc":{"start":{"line":94,"column":9},"end":{"line":94,"column":75}},"type":"binary-expr","locations":[{"start":{"line":94,"column":9},"end":{"line":94,"column":23}},{"start":{"line":94,"column":27},"end":{"line":94,"column":75}}]},"8":{"loc":{"start":{"line":100,"column":9},"end":{"line":100,"column":77}},"type":"binary-expr","locations":[{"start":{"line":100,"column":9},"end":{"line":100,"column":23}},{"start":{"line":100,"column":27},"end":{"line":100,"column":77}}]},"9":{"loc":{"start":{"line":105,"column":9},"end":{"line":105,"column":75}},"type":"binary-expr","locations":[{"start":{"line":105,"column":9},"end":{"line":105,"column":23}},{"start":{"line":105,"column":27},"end":{"line":105,"column":75}}]},"10":{"loc":{"start":{"line":111,"column":9},"end":{"line":111,"column":72}},"type":"binary-expr","locations":[{"start":{"line":111,"column":9},"end":{"line":111,"column":23}},{"start":{"line":111,"column":27},"end":{"line":111,"column":72}}]}},"s":{"0":1,"1":1,"2":1,"3":1,"4":1,"5":1,"6":1,"7":1,"8":0,"9":1,"10":0,"11":1,"12":0,"13":1,"14":0,"15":1,"16":0,"17":1,"18":0,"19":1,"20":0,"21":1,"22":0,"23":1,"24":0,"25":1,"26":0,"27":1,"28":0,"29":1},"f":{"0":0,"1":0,"2":0,"3":0,"4":0,"5":0,"6":0,"7":0,"8":0,"9":0,"10":0},"b":{"0":[0,0,0],"1":[0,0,0],"2":[0,0,0],"3":[0,0],"4":[0,0],"5":[0,0],"6":[0,0],"7":[0,0],"8":[0,0],"9":[0,0],"10":[0,0]}}
,"/home/cipriand/src/elrond/dapp-core/src/utils/validation/getIdentifierType.ts": {"path":"/home/cipriand/src/elrond/dapp-core/src/utils/validation/getIdentifierType.ts","statementMap":{"0":{"start":{"line":1,"column":18},"end":{"line":1,"column":19}},"1":{"start":{"line":2,"column":17},"end":{"line":2,"column":18}},"2":{"start":{"line":4,"column":22},"end":{"line":8,"column":2}},"3":{"start":{"line":17,"column":16},"end":{"line":17,"column":45}},"4":{"start":{"line":19,"column":2},"end":{"line":24,"column":null}},"5":{"start":{"line":20,"column":4},"end":{"line":22,"column":null}},"6":{"start":{"line":25,"column":2},"end":{"line":30,"column":null}},"7":{"start":{"line":26,"column":4},"end":{"line":28,"column":null}},"8":{"start":{"line":31,"column":2},"end":{"line":33,"column":null}},"9":{"start":{"line":10,"column":0},"end":{"line":10,"column":16}}},"fnMap":{"0":{"name":"getIdentifierType","decl":{"start":{"line":10,"column":16},"end":{"line":10,"column":33}},"loc":{"start":{"line":11,"column":21},"end":{"line":35,"column":1}}}},"branchMap":{"0":{"loc":{"start":{"line":17,"column":16},"end":{"line":17,"column":45}},"type":"cond-expr","locations":[{"start":{"line":17,"column":26},"end":{"line":17,"column":28}},{"start":{"line":17,"column":16},"end":{"line":17,"column":45}}]},"1":{"loc":{"start":{"line":17,"column":16},"end":{"line":17,"column":28}},"type":"binary-expr","locations":[{"start":{"line":17,"column":16},"end":{"line":17,"column":28}},{"start":{"line":17,"column":16},"end":{"line":17,"column":28}}]},"2":{"loc":{"start":{"line":19,"column":2},"end":{"line":24,"column":null}},"type":"if","locations":[{"start":{"line":19,"column":2},"end":{"line":24,"column":null}}]},"3":{"loc":{"start":{"line":25,"column":2},"end":{"line":30,"column":null}},"type":"if","locations":[{"start":{"line":25,"column":2},"end":{"line":30,"column":null}}]}},"s":{"0":1,"1":1,"2":1,"3":0,"4":0,"5":0,"6":0,"7":0,"8":0,"9":1},"f":{"0":0},"b":{"0":[0,0],"1":[0,0],"2":[0],"3":[0]}}
,"/home/cipriand/src/elrond/dapp-core/src/utils/validation/index.ts": {"path":"/home/cipriand/src/elrond/dapp-core/src/utils/validation/index.ts","statementMap":{"0":{"start":{"line":1,"column":0},"end":{"line":1,"column":34}},"1":{"start":{"line":2,"column":0},"end":{"line":2,"column":32}},"2":{"start":{"line":3,"column":0},"end":{"line":3,"column":30}},"3":{"start":{"line":4,"column":0},"end":{"line":4,"column":36}}},"fnMap":{},"branchMap":{},"s":{"0":1,"1":1,"2":1,"3":1},"f":{},"b":{}}
,"/home/cipriand/src/elrond/dapp-core/src/utils/validation/maxDecimals.ts": {"path":"/home/cipriand/src/elrond/dapp-core/src/utils/validation/maxDecimals.ts","statementMap":{"0":{"start":{"line":1,"column":0},"end":{"line":1,"column":69}},"1":{"start":{"line":3,"column":27},"end":{"line":17,"column":1}},"2":{"start":{"line":5,"column":4},"end":{"line":5,"column":78}},"3":{"start":{"line":6,"column":2},"end":{"line":15,"column":null}},"4":{"start":{"line":14,"column":4},"end":{"line":14,"column":17}},"5":{"start":{"line":16,"column":2},"end":{"line":16,"column":14}},"6":{"start":{"line":3,"column":13},"end":{"line":3,"column":27}}},"fnMap":{"0":{"name":"(anonymous_0)","decl":{"start":{"line":3,"column":27},"end":{"line":3,"column":28}},"loc":{"start":{"line":3,"column":75},"end":{"line":17,"column":1}}}},"branchMap":{"0":{"loc":{"start":{"line":5,"column":4},"end":{"line":5,"column":78}},"type":"cond-expr","locations":[{"start":{"line":5,"column":39},"end":{"line":5,"column":57}},{"start":{"line":5,"column":60},"end":{"line":5,"column":78}}]},"1":{"loc":{"start":{"line":6,"column":2},"end":{"line":15,"column":null}},"type":"if","locations":[{"start":{"line":6,"column":2},"end":{"line":15,"column":null}}]},"2":{"loc":{"start":{"line":7,"column":4},"end":{"line":12,"column":34}},"type":"binary-expr","locations":[{"start":{"line":7,"column":4},"end":{"line":7,"column":24}},{"start":{"line":8,"column":4},"end":{"line":8,"column":39}},{"start":{"line":9,"column":5},"end":{"line":12,"column":34}}]}},"s":{"0":1,"1":1,"2":0,"3":0,"4":0,"5":0,"6":1},"f":{"0":0},"b":{"0":[0,0],"1":[0],"2":[0,0,0]}}
,"/home/cipriand/src/elrond/dapp-core/src/utils/validation/stringIsFloat.ts": {"path":"/home/cipriand/src/elrond/dapp-core/src/utils/validation/stringIsFloat.ts","statementMap":{"0":{"start":{"line":1,"column":0},"end":{"line":1,"column":37}},"1":{"start":{"line":3,"column":29},"end":{"line":21,"column":1}},"2":{"start":{"line":4,"column":2},"end":{"line":6,"column":null}},"3":{"start":{"line":5,"column":4},"end":{"line":5,"column":17}},"4":{"start":{"line":7,"column":2},"end":{"line":9,"column":null}},"5":{"start":{"line":8,"column":4},"end":{"line":8,"column":17}},"6":{"start":{"line":12,"column":27},"end":{"line":12,"column":44}},"7":{"start":{"line":13,"column":2},"end":{"line":17,"column":null}},"8":{"start":{"line":14,"column":4},"end":{"line":16,"column":null}},"9":{"start":{"line":15,"column":6},"end":{"line":15,"column":39}},"10":{"start":{"line":18,"column":17},"end":{"line":18,"column":65}},"11":{"start":{"line":19,"column":19},"end":{"line":19,"column":40}},"12":{"start":{"line":20,"column":2},"end":{"line":20,"column":73}},"13":{"start":{"line":3,"column":13},"end":{"line":3,"column":29}}},"fnMap":{"0":{"name":"(anonymous_1)","decl":{"start":{"line":3,"column":29},"end":{"line":3,"column":30}},"loc":{"start":{"line":3,"column":48},"end":{"line":21,"column":1}}}},"branchMap":{"0":{"loc":{"start":{"line":4,"column":2},"end":{"line":6,"column":null}},"type":"if","locations":[{"start":{"line":4,"column":2},"end":{"line":6,"column":null}}]},"1":{"loc":{"start":{"line":7,"column":2},"end":{"line":9,"column":null}},"type":"if","locations":[{"start":{"line":7,"column":2},"end":{"line":9,"column":null}}]},"2":{"loc":{"start":{"line":13,"column":2},"end":{"line":17,"column":null}},"type":"if","locations":[{"start":{"line":13,"column":2},"end":{"line":17,"column":null}}]},"3":{"loc":{"start":{"line":18,"column":17},"end":{"line":18,"column":65}},"type":"cond-expr","locations":[{"start":{"line":18,"column":28},"end":{"line":18,"column":56}},{"start":{"line":18,"column":59},"end":{"line":18,"column":65}}]},"4":{"loc":{"start":{"line":20,"column":9},"end":{"line":20,"column":72}},"type":"binary-expr","locations":[{"start":{"line":20,"column":9},"end":{"line":20,"column":41}},{"start":{"line":20,"column":45},"end":{"line":20,"column":72}}]}},"s":{"0":2,"1":2,"2":18,"3":3,"4":15,"5":1,"6":14,"7":14,"8":5,"9":1,"10":14,"11":14,"12":14,"13":2},"f":{"0":18},"b":{"0":[3],"1":[1],"2":[5],"3":[5,9],"4":[14,10]}}
,"/home/cipriand/src/elrond/dapp-core/src/utils/validation/stringIsInteger.ts": {"path":"/home/cipriand/src/elrond/dapp-core/src/utils/validation/stringIsInteger.ts","statementMap":{"0":{"start":{"line":1,"column":0},"end":{"line":1,"column":37}},"1":{"start":{"line":3,"column":31},"end":{"line":16,"column":1}},"2":{"start":{"line":7,"column":24},"end":{"line":7,"column":39}},"3":{"start":{"line":8,"column":2},"end":{"line":10,"column":null}},"4":{"start":{"line":9,"column":4},"end":{"line":9,"column":17}},"5":{"start":{"line":11,"column":19},"end":{"line":11,"column":47}},"6":{"start":{"line":12,"column":16},"end":{"line":12,"column":44}},"7":{"start":{"line":13,"column":2},"end":{"line":15,"column":4}},"8":{"start":{"line":3,"column":13},"end":{"line":3,"column":31}}},"fnMap":{"0":{"name":"(anonymous_1)","decl":{"start":{"line":3,"column":31},"end":{"line":3,"column":null}},"loc":{"start":{"line":6,"column":4},"end":{"line":16,"column":1}}}},"branchMap":{"0":{"loc":{"start":{"line":5,"column":2},"end":{"line":5,"column":28}},"type":"default-arg","locations":[{"start":{"line":5,"column":24},"end":{"line":5,"column":28}}]},"1":{"loc":{"start":{"line":8,"column":2},"end":{"line":10,"column":null}},"type":"if","locations":[{"start":{"line":8,"column":2},"end":{"line":10,"column":null}}]},"2":{"loc":{"start":{"line":12,"column":16},"end":{"line":12,"column":44}},"type":"cond-expr","locations":[{"start":{"line":12,"column":38},"end":{"line":12,"column":39}},{"start":{"line":12,"column":42},"end":{"line":12,"column":44}}]},"3":{"loc":{"start":{"line":14,"column":4},"end":{"line":14,"column":78}},"type":"binary-expr","locations":[{"start":{"line":14,"column":4},"end":{"line":14,"column":43}},{"start":{"line":14,"column":47},"end":{"line":14,"column":78}}]}},"s":{"0":6,"1":6,"2":61,"3":61,"4":11,"5":50,"6":50,"7":50,"8":6},"f":{"0":61},"b":{"0":[24],"1":[11],"2":[14,36],"3":[50,48]}}
}
