TN:
SF:src/UI/Denominate/index.tsx
FN:14,(anonymous_1)
FN:29,(anonymous_2)
FN:88,(anonymous_3)
FN:99,(anonymous_4)
FNF:4
FNH:3
FNDA:0,(anonymous_1)
FNDA:6,(anonymous_2)
FNDA:6,(anonymous_3)
FNDA:6,(anonymous_4)
DA:1,1
DA:2,1
DA:3,1
DA:4,1
DA:10,1
DA:11,1
DA:12,1
DA:14,1
DA:15,0
DA:29,1
DA:30,6
DA:32,6
DA:34,6
DA:36,6
DA:44,6
DA:45,6
DA:46,6
DA:48,6
DA:49,3
DA:51,3
DA:52,6
DA:55,3
DA:58,6
DA:88,1
DA:89,6
DA:91,6
DA:99,1
DA:100,6
DA:102,6
DA:104,6
LF:30
LH:29
BRDA:18,0,0,0
BRDA:18,0,1,0
BRDA:30,1,0,0
BRDA:30,2,0,0
BRDA:32,3,0,6
BRDA:32,3,1,0
BRDA:34,4,0,0
BRDA:34,4,1,6
BRDA:48,5,0,3
BRDA:48,6,0,6
BRDA:48,6,1,6
BRDA:48,6,2,4
BRDA:61,7,0,0
BRDA:61,7,1,6
BRDA:68,8,0,6
BRDA:68,8,1,5
BRDA:73,9,0,6
BRDA:73,9,1,4
BRDA:77,10,0,4
BRDA:77,10,1,0
BRDA:81,11,0,0
BRDA:81,11,1,4
BRDA:91,12,0,0
BRDA:91,12,1,6
BRDA:93,13,0,6
BRDA:93,13,1,0
BRDA:100,14,0,6
BRDA:100,14,1,0
BRF:28
BRH:16
end_of_record
TN:
SF:src/components/TransactionsInterpreter/helpers/getDenominatedValue.ts
FN:6,getDenominatedValue
FNF:1
FNH:1
FNDA:4,getDenominatedValue
DA:1,1
DA:2,1
DA:6,1
DA:14,4
DA:16,4
LF:5
LH:5
BRDA:8,0,0,2
BRF:1
BRH:1
end_of_record
TN:
SF:src/components/TransactionsInterpreter/helpers/getHumanReadableTimeFormat.ts
FN:6,getHumanReadableTimeFormat
FNF:1
FNH:1
FNDA:4,getHumanReadableTimeFormat
DA:1,1
DA:6,1
DA:11,4
DA:12,2
DA:16,2
LF:5
LH:5
BRDA:11,0,0,2
BRDA:14,1,0,1
BRDA:14,1,1,1
BRDA:17,2,0,1
BRDA:17,2,1,1
BRF:5
BRH:5
end_of_record
TN:
SF:src/components/TransactionsInterpreter/helpers/getNetworkLink.ts
FN:1,getNetworkLink
FNF:1
FNH:1
FNDA:2,getNetworkLink
DA:1,1
DA:2,2
DA:3,1
DA:4,1
DA:7,2
LF:5
LH:5
BRDA:2,0,0,1
BRDA:7,1,0,1
BRDA:7,1,1,1
BRF:3
BRH:3
end_of_record
TN:
SF:src/components/TransactionsInterpreter/helpers/getOperationsMessages.ts
FN:3,getOperationsMessages
FN:6,(anonymous_1)
FN:7,(anonymous_2)
FNF:3
FNH:3
FNDA:2,getOperationsMessages
FNDA:2,(anonymous_1)
FNDA:2,(anonymous_2)
DA:3,1
DA:4,2
DA:6,2
DA:7,2
LF:4
LH:4
BRDA:5,0,0,1
BRDA:5,0,1,1
BRDA:5,1,0,2
BRDA:5,1,1,2
BRDA:5,2,0,1
BRDA:5,2,1,1
BRDA:5,3,0,2
BRDA:5,3,1,2
BRDA:5,4,0,0
BRDA:5,4,1,2
BRDA:5,5,0,2
BRDA:5,5,1,2
BRF:12
BRH:11
end_of_record
TN:
SF:src/components/TransactionsInterpreter/helpers/getReceiptMessage.ts
FN:6,(anonymous_1)
FN:28,getReceiptMessage
FNF:2
FNH:2
FNDA:2,(anonymous_1)
FNDA:3,getReceiptMessage
DA:1,1
DA:2,1
DA:3,1
DA:6,1
DA:7,2
DA:8,0
DA:11,2
DA:12,1
DA:18,1
DA:22,1
DA:25,1
DA:28,1
DA:29,3
DA:31,3
DA:32,1
DA:35,2
DA:36,2
DA:38,2
LF:18
LH:17
BRDA:7,0,0,0
BRDA:7,1,0,0
BRDA:7,1,1,2
BRDA:7,2,0,2
BRDA:7,2,1,2
BRDA:11,3,0,1
BRDA:11,4,0,0
BRDA:11,4,1,2
BRDA:11,5,0,2
BRDA:11,5,1,2
BRDA:29,6,0,1
BRDA:29,6,1,2
BRDA:29,7,0,3
BRDA:29,7,1,3
BRDA:31,8,0,1
BRDA:36,9,0,2
BRDA:36,9,1,0
BRF:17
BRH:13
end_of_record
TN:
SF:src/components/TransactionsInterpreter/helpers/getScResultsMessages.ts
FN:3,getScResultsMessages
FN:6,(anonymous_1)
FN:7,(anonymous_2)
FNF:3
FNH:3
FNDA:2,getScResultsMessages
FNDA:2,(anonymous_1)
FNDA:2,(anonymous_2)
DA:3,1
DA:4,2
DA:6,2
DA:7,2
LF:4
LH:4
BRDA:5,0,0,1
BRDA:5,0,1,1
BRDA:5,1,0,2
BRDA:5,1,1,2
BRDA:5,2,0,1
BRDA:5,2,1,1
BRDA:5,3,0,2
BRDA:5,3,1,2
BRDA:5,4,0,0
BRDA:5,4,1,2
BRDA:5,5,0,2
BRDA:5,5,1,2
BRF:12
BRH:11
end_of_record
TN:
SF:src/components/TransactionsInterpreter/helpers/getTransactionMethod.ts
FN:7,(anonymous_0)
FNF:1
FNH:1
FNDA:4,(anonymous_0)
DA:1,1
DA:7,1
DA:8,4
DA:10,4
DA:12,4
DA:13,3
DA:17,1
DA:18,2
DA:19,2
DA:22,3
DA:23,1
DA:27,4
LF:12
LH:12
BRDA:10,0,0,4
BRDA:10,0,1,3
BRDA:10,1,0,1
BRDA:10,1,1,3
BRDA:10,2,0,4
BRDA:10,2,1,4
BRDA:10,3,0,0
BRDA:10,3,1,3
BRDA:10,4,0,3
BRDA:10,4,1,3
BRDA:12,5,0,3
BRDA:13,6,0,1
BRDA:13,6,1,2
BRDA:14,7,0,3
BRDA:14,7,1,1
BRDA:14,8,0,0
BRDA:14,8,1,3
BRDA:14,9,0,3
BRDA:14,9,1,3
BRDA:15,10,0,0
BRDA:15,10,1,1
BRDA:15,11,0,1
BRDA:15,11,1,1
BRDA:18,12,0,2
BRDA:22,13,0,1
BRDA:22,14,0,2
BRDA:22,14,1,1
BRDA:22,15,0,3
BRDA:22,15,1,3
BRDA:22,16,0,0
BRDA:22,16,1,3
BRDA:22,17,0,3
BRDA:22,17,1,3
BRF:33
BRH:29
end_of_record
TN:
SF:src/components/TransactionsInterpreter/helpers/getTransactionReceiver.ts
FN:3,getTransactionReceiver
FNF:1
FNH:1
FNDA:4,getTransactionReceiver
DA:3,2
DA:4,4
DA:5,4
DA:6,2
DA:9,4
LF:5
LH:5
BRDA:5,0,0,2
BRDA:5,1,0,2
BRDA:5,1,1,2
BRDA:5,2,0,4
BRDA:5,2,1,4
BRDA:5,3,0,0
BRDA:5,3,1,4
BRDA:5,4,0,4
BRDA:5,4,1,4
BRF:9
BRH:8
end_of_record
TN:
SF:src/components/TransactionsInterpreter/helpers/getTransactionReceiverAssets.ts
FN:7,getTransactionReceiverAssets
FNF:1
FNH:1
FNDA:2,getTransactionReceiverAssets
DA:1,1
DA:7,1
DA:8,2
DA:10,2
LF:4
LH:4
BRDA:10,0,0,1
BRDA:10,0,1,1
BRF:2
BRH:2
end_of_record
TN:
SF:src/components/TransactionsInterpreter/helpers/getTransactionTimeFormats.ts
FN:4,getTransactionTimeFormats
FNF:1
FNH:1
FNDA:8,getTransactionTimeFormats
DA:1,1
DA:4,1
DA:5,8
DA:6,8
DA:8,8
LF:5
LH:5
BRF:0
BRH:0
end_of_record
TN:
SF:src/components/TransactionsInterpreter/helpers/getTransactionTokens.ts
FN:3,(anonymous_0)
FN:10,(anonymous_1)
FNF:2
FNH:2
FNDA:2,(anonymous_0)
FNDA:4,(anonymous_1)
DA:3,1
DA:4,2
DA:5,1
DA:10,4
DA:13,1
LF:5
LH:5
BRDA:4,0,0,1
BRDA:6,1,0,0
BRDA:6,1,1,1
BRDA:6,2,0,1
BRDA:6,2,1,1
BRDA:7,3,0,0
BRDA:7,3,1,1
BRDA:7,4,0,1
BRDA:7,4,1,1
BRDA:8,5,0,0
BRDA:8,5,1,1
BRDA:8,6,0,1
BRDA:8,6,1,1
BRDA:9,7,0,0
BRDA:9,7,1,1
BRDA:9,8,0,1
BRDA:9,8,1,1
BRF:17
BRH:13
end_of_record
TN:
SF:src/components/TransactionsInterpreter/helpers/getTransactionTransferType.ts
FN:7,getTransactionTransferType
FNF:1
FNH:1
FNDA:4,getTransactionTransferType
DA:1,1
DA:7,1
DA:12,4
DA:13,4
DA:14,4
DA:15,4
DA:17,4
DA:19,1
DA:21,1
DA:23,1
DA:26,1
LF:11
LH:11
BRDA:14,0,0,4
BRDA:14,0,1,2
BRDA:15,1,0,0
BRDA:15,1,1,4
BRDA:15,2,0,4
BRDA:15,2,1,4
BRDA:17,3,0,1
BRDA:17,3,1,1
BRDA:17,3,2,1
BRDA:17,3,3,1
BRDA:17,3,4,1
BRF:11
BRH:10
end_of_record
TN:
SF:src/components/TransactionsInterpreter/helpers/types.ts
FN:1,(anonymous_0)
FN:116,(anonymous_1)
FN:189,(anonymous_2)
FN:225,(anonymous_3)
FN:264,(anonymous_4)
FN:283,(anonymous_5)
FN:288,(anonymous_6)
FN:398,(anonymous_7)
FN:413,(anonymous_8)
FNF:9
FNH:9
FNDA:10,(anonymous_0)
FNDA:10,(anonymous_1)
FNDA:10,(anonymous_2)
FNDA:10,(anonymous_3)
FNDA:10,(anonymous_4)
FNDA:10,(anonymous_5)
FNDA:10,(anonymous_6)
FNDA:10,(anonymous_7)
FNDA:10,(anonymous_8)
DA:1,10
DA:2,10
DA:3,10
DA:4,10
DA:116,10
DA:117,10
DA:118,10
DA:119,10
DA:189,10
DA:191,10
DA:193,10
DA:194,10
DA:195,10
DA:196,10
DA:197,10
DA:198,10
DA:200,10
DA:201,10
DA:202,10
DA:203,10
DA:204,10
DA:205,10
DA:206,10
DA:207,10
DA:208,10
DA:209,10
DA:210,10
DA:211,10
DA:212,10
DA:213,10
DA:214,10
DA:215,10
DA:216,10
DA:217,10
DA:218,10
DA:219,10
DA:220,10
DA:221,10
DA:222,10
DA:225,10
DA:226,10
DA:227,10
DA:228,10
DA:229,10
DA:264,10
DA:265,10
DA:266,10
DA:267,10
DA:268,10
DA:269,10
DA:270,10
DA:271,10
DA:272,10
DA:273,10
DA:274,10
DA:275,10
DA:276,10
DA:279,10
DA:280,10
DA:283,10
DA:284,10
DA:285,10
DA:286,10
DA:288,10
DA:289,10
DA:290,10
DA:291,10
DA:398,10
DA:399,10
DA:400,10
DA:413,10
DA:414,10
DA:415,10
DA:416,10
DA:417,10
LF:75
LH:75
BRDA:1,0,0,10
BRDA:1,0,1,10
BRDA:116,1,0,10
BRDA:116,1,1,10
BRDA:189,2,0,10
BRDA:189,2,1,10
BRDA:225,3,0,10
BRDA:225,3,1,10
BRDA:264,4,0,10
BRDA:264,4,1,10
BRDA:283,5,0,10
BRDA:283,5,1,10
BRDA:288,6,0,10
BRDA:288,6,1,10
BRDA:398,7,0,10
BRDA:398,7,1,10
BRDA:413,8,0,10
BRDA:413,8,1,10
BRF:18
BRH:18
end_of_record
TN:
SF:src/components/TransactionsInterpreter/helpers/tests/transaction-mock.ts
FNF:0
FNH:0
DA:1,10
DA:3,10
LF:2
LH:2
BRF:0
BRH:0
end_of_record
TN:
SF:src/constants/errorsMessages.ts
FNF:0
FNH:0
DA:1,6
DA:2,6
DA:3,6
DA:4,6
DA:5,6
DA:7,6
LF:6
LH:6
BRF:0
BRH:0
end_of_record
TN:
SF:src/constants/index.ts
FNF:0
FNH:0
DA:1,6
DA:2,6
DA:3,6
DA:4,6
DA:5,6
DA:7,6
DA:8,6
DA:9,6
DA:10,6
DA:11,6
DA:12,6
DA:13,6
DA:15,6
DA:17,6
DA:18,6
DA:20,6
DA:21,6
DA:23,6
DA:25,6
LF:19
LH:19
BRF:0
BRH:0
end_of_record
TN:
SF:src/constants/ledgerErrorCodes.ts
FNF:0
FNH:0
DA:1,6
LF:1
LH:1
BRF:0
BRH:0
end_of_record
TN:
SF:src/constants/mnemonicWords.ts
FNF:0
FNH:0
DA:1,6
LF:1
LH:1
BRF:0
BRH:0
end_of_record
TN:
SF:src/constants/network.ts
FNF:0
FNH:0
DA:1,6
DA:3,6
DA:5,6
DA:65,6
DA:69,6
DA:73,6
DA:76,6
DA:77,6
DA:78,6
DA:79,6
DA:80,6
DA:81,6
DA:84,6
DA:90,6
LF:14
LH:14
BRF:0
BRH:0
end_of_record
TN:
SF:src/constants/transaction-status.ts
FNF:0
FNH:0
DA:1,6
LF:1
LH:1
BRF:0
BRH:0
end_of_record
TN:
SF:src/reduxStore/commonActions.ts
FN:14,(anonymous_0)
FNF:1
FNH:0
FNDA:0,(anonymous_0)
DA:1,1
DA:3,1
DA:10,1
DA:12,1
DA:14,0
LF:5
LH:4
BRF:0
BRH:0
end_of_record
TN:
SF:src/reduxStore/slices/accountInfoSlice.ts
FN:57,(anonymous_0)
FN:65,(anonymous_1)
FN:73,(anonymous_2)
FN:79,(anonymous_3)
FN:85,(anonymous_4)
FN:91,(anonymous_5)
FN:100,(anonymous_6)
FN:106,(anonymous_7)
FN:113,(anonymous_8)
FN:121,(anonymous_9)
FN:122,(anonymous_10)
FN:128,(anonymous_11)
FN:137,(anonymous_12)
FNF:13
FNH:0
FNDA:0,(anonymous_0)
FNDA:0,(anonymous_1)
FNDA:0,(anonymous_2)
FNDA:0,(anonymous_3)
FNDA:0,(anonymous_4)
FNDA:0,(anonymous_5)
FNDA:0,(anonymous_6)
FNDA:0,(anonymous_7)
FNDA:0,(anonymous_8)
FNDA:0,(anonymous_9)
FNDA:0,(anonymous_10)
FNDA:0,(anonymous_11)
FNDA:0,(anonymous_12)
DA:1,1
DA:2,1
DA:3,1
DA:4,1
DA:5,1
DA:7,1
DA:37,1
DA:43,1
DA:53,1
DA:61,0
DA:62,0
DA:63,0
DA:69,0
DA:70,0
DA:71,0
DA:77,0
DA:83,0
DA:89,0
DA:95,0
DA:96,0
DA:97,0
DA:104,0
DA:110,0
DA:111,0
DA:117,0
DA:118,0
DA:122,0
DA:123,0
DA:124,0
DA:126,0
DA:132,0
DA:133,0
DA:134,0
DA:137,0
DA:138,0
DA:139,0
DA:142,0
DA:143,0
DA:144,0
DA:145,0
DA:146,0
DA:147,0
DA:152,1
DA:164,1
LF:44
LH:11
BRDA:95,0,0,0
BRDA:138,1,0,0
BRDA:138,2,0,0
BRDA:138,2,1,0
BRDA:138,3,0,0
BRDA:138,3,1,0
BRF:6
BRH:0
end_of_record
TN:
SF:src/reduxStore/slices/index.ts
FNF:0
FNH:0
DA:1,1
DA:2,1
DA:3,1
DA:4,1
DA:5,1
DA:6,1
DA:7,1
LF:7
LH:7
BRF:0
BRH:0
end_of_record
TN:
SF:src/reduxStore/slices/loginInfoSlice.ts
FN:51,(anonymous_0)
FN:57,(anonymous_1)
FN:63,(anonymous_2)
FN:71,(anonymous_3)
FN:77,(anonymous_4)
FN:83,(anonymous_5)
FN:89,(anonymous_6)
FN:93,(anonymous_7)
FN:94,(anonymous_8)
FN:99,(anonymous_9)
FNF:10
FNH:0
FNDA:0,(anonymous_0)
FNDA:0,(anonymous_1)
FNDA:0,(anonymous_2)
FNDA:0,(anonymous_3)
FNDA:0,(anonymous_4)
FNDA:0,(anonymous_5)
FNDA:0,(anonymous_6)
FNDA:0,(anonymous_7)
FNDA:0,(anonymous_8)
FNDA:0,(anonymous_9)
DA:1,1
DA:2,1
DA:4,1
DA:5,1
DA:37,1
DA:47,1
DA:55,0
DA:61,0
DA:67,0
DA:68,0
DA:75,0
DA:81,0
DA:87,0
DA:90,0
DA:94,0
DA:95,0
DA:97,0
DA:103,0
DA:104,0
DA:110,1
DA:120,1
LF:21
LH:8
BRDA:67,0,0,0
BRDA:67,1,0,0
BRDA:67,1,1,0
BRDA:67,2,0,0
BRDA:67,2,1,0
BRF:5
BRH:0
end_of_record
TN:
SF:src/reduxStore/slices/modalsSlice.ts
FN:28,(anonymous_0)
FN:34,(anonymous_1)
FN:40,(anonymous_2)
FN:43,(anonymous_3)
FN:48,(anonymous_4)
FN:49,(anonymous_5)
FNF:6
FNH:0
FNDA:0,(anonymous_0)
FNDA:0,(anonymous_1)
FNDA:0,(anonymous_2)
FNDA:0,(anonymous_3)
FNDA:0,(anonymous_4)
FNDA:0,(anonymous_5)
DA:1,1
DA:3,1
DA:22,1
DA:24,1
DA:32,0
DA:38,0
DA:41,0
DA:44,0
DA:49,0
DA:50,0
DA:55,1
DA:62,1
LF:12
LH:6
BRF:0
BRH:0
end_of_record
TN:
SF:src/reduxStore/slices/networkConfigSlice.ts
FN:42,(anonymous_1)
FN:64,(anonymous_2)
FNF:2
FNH:0
FNDA:0,(anonymous_1)
FNDA:0,(anonymous_2)
DA:1,1
DA:2,1
DA:8,1
DA:10,1
DA:33,1
DA:38,1
DA:46,0
DA:49,0
DA:52,0
DA:57,0
DA:68,0
DA:73,1
DA:78,1
LF:13
LH:8
BRF:0
BRH:0
end_of_record
TN:
SF:src/reduxStore/slices/toastsSlice.ts
FN:28,(anonymous_0)
FN:40,(anonymous_1)
FN:45,(anonymous_2)
FN:48,(anonymous_3)
FN:59,(anonymous_4)
FN:63,(anonymous_5)
FN:67,(anonymous_6)
FN:76,(anonymous_7)
FN:81,(anonymous_8)
FN:82,(anonymous_9)
FNF:10
FNH:0
FNDA:0,(anonymous_0)
FNDA:0,(anonymous_1)
FNDA:0,(anonymous_2)
FNDA:0,(anonymous_3)
FNDA:0,(anonymous_4)
FNDA:0,(anonymous_5)
FNDA:0,(anonymous_6)
FNDA:0,(anonymous_7)
FNDA:0,(anonymous_8)
FNDA:0,(anonymous_9)
DA:1,1
DA:2,1
DA:3,1
DA:9,1
DA:10,1
DA:18,1
DA:24,1
DA:32,0
DA:44,0
DA:45,0
DA:52,0
DA:63,0
DA:64,0
DA:71,0
DA:77,0
DA:82,0
DA:83,0
DA:88,1
DA:97,1
LF:19
LH:9
BRDA:36,0,0,0
BRDA:36,0,1,0
BRDA:56,1,0,0
BRDA:56,1,1,0
BRF:4
BRH:0
end_of_record
TN:
SF:src/reduxStore/slices/transactionsInfoSlice.ts
FN:25,(anonymous_0)
FN:48,(anonymous_1)
FN:56,(anonymous_2)
FN:58,(anonymous_3)
FN:59,(anonymous_4)
FNF:5
FNH:0
FNDA:0,(anonymous_0)
FNDA:0,(anonymous_1)
FNDA:0,(anonymous_2)
FNDA:0,(anonymous_3)
FNDA:0,(anonymous_4)
DA:1,1
DA:3,1
DA:14,1
DA:15,1
DA:16,1
DA:17,1
DA:19,1
DA:21,1
DA:29,0
DA:30,0
DA:31,0
DA:52,0
DA:53,0
DA:56,0
DA:59,0
DA:60,0
DA:65,1
DA:71,1
LF:18
LH:10
BRDA:30,0,0,0
BRDA:33,1,0,0
BRDA:33,1,1,0
BRDA:33,2,0,0
BRDA:33,2,1,0
BRDA:33,3,0,0
BRDA:33,3,1,0
BRDA:36,4,0,0
BRDA:36,4,1,0
BRDA:36,5,0,0
BRDA:36,5,1,0
BRDA:36,6,0,0
BRDA:36,6,1,0
BRDA:39,7,0,0
BRDA:39,7,1,0
BRDA:39,8,0,0
BRDA:39,8,1,0
BRDA:39,9,0,0
BRDA:39,9,1,0
BRDA:42,10,0,0
BRDA:42,10,1,0
BRDA:42,11,0,0
BRDA:42,11,1,0
BRDA:42,12,0,0
BRDA:42,12,1,0
BRDA:44,13,0,0
BRDA:44,13,1,0
BRDA:44,14,0,0
BRDA:44,14,1,0
BRDA:52,15,0,0
BRF:30
BRH:0
end_of_record
TN:
SF:src/reduxStore/slices/transactionsSlice.ts
FN:65,(anonymous_0)
FN:84,(anonymous_1)
FN:92,(anonymous_2)
FN:97,(anonymous_3)
FN:106,(anonymous_4)
FN:122,(anonymous_5)
FN:135,(anonymous_6)
FN:148,(anonymous_7)
FN:154,(anonymous_8)
FN:167,(anonymous_9)
FN:180,(anonymous_10)
FN:184,(anonymous_11)
FN:187,(anonymous_12)
FN:191,(anonymous_13)
FN:192,(anonymous_14)
FN:195,(anonymous_15)
FN:206,(anonymous_16)
FNF:17
FNH:0
FNDA:0,(anonymous_0)
FNDA:0,(anonymous_1)
FNDA:0,(anonymous_2)
FNDA:0,(anonymous_3)
FNDA:0,(anonymous_4)
FNDA:0,(anonymous_5)
FNDA:0,(anonymous_6)
FNDA:0,(anonymous_7)
FNDA:0,(anonymous_8)
FNDA:0,(anonymous_9)
FNDA:0,(anonymous_10)
FNDA:0,(anonymous_11)
FNDA:0,(anonymous_12)
FNDA:0,(anonymous_13)
FNDA:0,(anonymous_14)
FNDA:0,(anonymous_15)
FNDA:0,(anonymous_16)
DA:1,1
DA:2,1
DA:3,1
DA:14,1
DA:18,1
DA:48,1
DA:55,1
DA:61,1
DA:69,0
DA:71,0
DA:73,0
DA:79,0
DA:80,0
DA:88,0
DA:89,0
DA:93,0
DA:94,0
DA:101,0
DA:110,0
DA:111,0
DA:112,0
DA:113,0
DA:114,0
DA:115,0
DA:117,0
DA:118,0
DA:131,0
DA:132,0
DA:133,0
DA:134,0
DA:136,0
DA:137,0
DA:143,0
DA:146,0
DA:149,0
DA:152,0
DA:155,0
DA:157,0
DA:158,0
DA:161,0
DA:162,0
DA:171,0
DA:173,0
DA:174,0
DA:178,0
DA:181,0
DA:182,0
DA:185,0
DA:188,0
DA:192,0
DA:193,0
DA:195,0
DA:196,0
DA:197,0
DA:203,0
DA:204,0
DA:207,0
DA:208,0
DA:209,0
DA:210,0
DA:211,0
DA:212,0
DA:214,0
DA:216,0
DA:217,0
DA:219,0
DA:220,0
DA:226,1
DA:238,1
LF:69
LH:10
BRDA:71,0,0,0
BRDA:71,0,1,0
BRDA:71,1,0,0
BRDA:71,1,1,0
BRDA:71,2,0,0
BRDA:71,2,1,0
BRDA:79,3,0,0
BRDA:79,4,0,0
BRDA:79,4,1,0
BRDA:79,5,0,0
BRDA:79,5,1,0
BRDA:79,6,0,0
BRDA:79,6,1,0
BRDA:79,7,0,0
BRDA:79,7,1,0
BRDA:88,8,0,0
BRDA:93,9,0,0
BRDA:93,10,0,0
BRDA:93,10,1,0
BRDA:93,11,0,0
BRDA:93,11,1,0
BRDA:112,12,0,0
BRDA:114,13,0,0
BRDA:117,14,0,0
BRDA:132,15,0,0
BRDA:132,15,1,0
BRDA:132,16,0,0
BRDA:132,16,1,0
BRDA:132,17,0,0
BRDA:132,17,1,0
BRDA:132,18,0,0
BRDA:132,18,1,0
BRDA:133,19,0,0
BRDA:136,20,0,0
BRDA:146,21,0,0
BRDA:146,21,1,0
BRDA:146,22,0,0
BRDA:146,22,1,0
BRDA:146,23,0,0
BRDA:146,23,1,0
BRDA:146,24,0,0
BRDA:146,24,1,0
BRDA:152,25,0,0
BRDA:152,25,1,0
BRDA:152,26,0,0
BRDA:152,26,1,0
BRDA:152,27,0,0
BRDA:152,27,1,0
BRDA:152,28,0,0
BRDA:152,28,1,0
BRDA:157,29,0,0
BRDA:161,30,0,0
BRDA:196,31,0,0
BRDA:196,32,0,0
BRDA:196,32,1,0
BRDA:196,33,0,0
BRDA:196,33,1,0
BRDA:211,34,0,0
BRDA:216,35,0,0
BRDA:219,36,0,0
BRF:60
BRH:0
end_of_record
TN:
SF:src/storage/local.ts
FN:4,getNewLoginExpiresTimestamp
FN:8,setLoginExpiresAt
FNF:2
FNH:0
FNDA:0,getNewLoginExpiresTimestamp
FNDA:0,setLoginExpiresAt
DA:1,1
DA:2,1
DA:4,1
DA:5,0
DA:8,1
DA:9,0
LF:6
LH:4
BRF:0
BRH:0
end_of_record
TN:
SF:src/types/enums.ts
FN:1,(anonymous_0)
FN:10,(anonymous_1)
FN:19,(anonymous_2)
FN:29,(anonymous_3)
FN:35,(anonymous_4)
FN:40,(anonymous_5)
FN:46,(anonymous_6)
FN:51,(anonymous_7)
FN:60,(anonymous_8)
FN:67,(anonymous_9)
FNF:10
FNH:10
FNDA:8,(anonymous_0)
FNDA:8,(anonymous_1)
FNDA:8,(anonymous_2)
FNDA:8,(anonymous_3)
FNDA:8,(anonymous_4)
FNDA:8,(anonymous_5)
FNDA:8,(anonymous_6)
FNDA:8,(anonymous_7)
FNDA:8,(anonymous_8)
FNDA:8,(anonymous_9)
DA:1,8
DA:2,8
DA:3,8
DA:4,8
DA:5,8
DA:6,8
DA:7,8
DA:10,8
DA:11,8
DA:12,8
DA:13,8
DA:14,8
DA:15,8
DA:16,8
DA:19,8
DA:20,8
DA:21,8
DA:22,8
DA:23,8
DA:24,8
DA:25,8
DA:26,8
DA:29,8
DA:30,8
DA:31,8
DA:32,8
DA:35,8
DA:36,8
DA:37,8
DA:40,8
DA:41,8
DA:42,8
DA:43,8
DA:46,8
DA:47,8
DA:48,8
DA:51,8
DA:52,8
DA:53,8
DA:54,8
DA:55,8
DA:56,8
DA:57,8
DA:60,8
DA:61,8
DA:62,8
DA:63,8
DA:64,8
DA:67,8
DA:68,8
LF:50
LH:50
BRDA:1,0,0,8
BRDA:1,0,1,8
BRDA:10,1,0,8
BRDA:10,1,1,8
BRDA:19,2,0,8
BRDA:19,2,1,8
BRDA:29,3,0,8
BRDA:29,3,1,8
BRDA:35,4,0,8
BRDA:35,4,1,8
BRDA:40,5,0,8
BRDA:40,5,1,8
BRDA:46,6,0,8
BRDA:46,6,1,8
BRDA:51,7,0,8
BRDA:51,7,1,8
BRDA:60,8,0,8
BRDA:60,8,1,8
BRDA:67,9,0,8
BRDA:67,9,1,8
BRF:20
BRH:20
end_of_record
TN:
SF:src/types/index.ts
FNF:0
FNH:0
DA:18,7
DA:19,7
DA:20,7
DA:21,7
DA:22,7
DA:23,7
LF:6
LH:6
BRF:0
BRH:0
end_of_record
TN:
SF:src/utils/redirect.ts
FN:3,(anonymous_0)
FN:7,(anonymous_1)
FN:9,(anonymous_2)
FNF:3
FNH:0
FNDA:0,(anonymous_0)
FNDA:0,(anonymous_1)
FNDA:0,(anonymous_2)
DA:1,1
DA:3,1
DA:4,0
DA:7,1
DA:8,0
DA:9,0
DA:10,0
LF:7
LH:3
BRDA:3,0,0,0
BRDA:7,1,0,0
BRDA:8,2,0,0
BRF:3
BRH:0
end_of_record
TN:
SF:src/utils/smartContracts.ts
FN:20,isContract
FN:52,(anonymous_1)
FN:55,(anonymous_2)
FN:59,isSelfESDTContract
FN:73,(anonymous_4)
FN:78,getAddressFromDataField
FN:103,getAddressIndex
FNF:7
FNH:4
FNDA:4,isContract
FNDA:0,(anonymous_1)
FNDA:0,(anonymous_2)
FNDA:1,isSelfESDTContract
FNDA:0,(anonymous_4)
FNDA:2,getAddressFromDataField
FNDA:1,getAddressIndex
DA:1,1
DA:2,1
DA:3,1
DA:4,1
DA:6,1
DA:20,1
DA:25,4
DA:27,4
DA:28,1
DA:31,3
DA:33,3
DA:34,1
DA:37,2
DA:39,2
DA:40,0
DA:43,2
DA:47,2
DA:52,1
DA:53,0
DA:55,1
DA:56,0
DA:59,1
DA:64,1
DA:65,1
DA:66,0
DA:68,1
DA:70,1
DA:71,1
DA:72,1
DA:73,0
DA:75,1
DA:78,1
DA:85,2
DA:86,2
DA:87,1
DA:89,1
DA:93,1
DA:95,1
DA:96,1
DA:98,0
DA:99,0
DA:104,1
DA:105,1
DA:107,0
DA:108,0
DA:110,0
LF:46
LH:36
BRDA:23,0,0,3
BRDA:27,1,0,1
BRDA:33,2,0,1
BRDA:39,3,0,0
BRDA:48,4,0,2
BRDA:48,4,1,1
BRDA:64,5,0,0
BRDA:64,5,1,1
BRDA:64,6,0,1
BRDA:64,6,1,1
BRDA:65,7,0,0
BRDA:70,8,0,1
BRDA:70,8,1,0
BRDA:70,8,2,0
BRDA:73,9,0,0
BRDA:73,9,1,0
BRDA:75,10,0,1
BRDA:75,10,1,0
BRDA:75,10,2,0
BRDA:86,11,0,1
BRDA:89,12,0,0
BRDA:89,12,1,1
BRDA:96,13,0,1
BRDA:96,13,1,0
BRDA:104,14,0,1
BRDA:107,15,0,0
BRF:26
BRH:14
end_of_record
TN:
SF:src/utils/account/addressIsValid.ts
FN:3,canTransformToPublicKey
FN:12,addressIsValid
FNF:2
FNH:2
FNDA:4,canTransformToPublicKey
FNDA:5,addressIsValid
DA:1,2
DA:4,4
DA:5,4
DA:6,4
DA:8,0
DA:12,2
DA:14,5
DA:18,5
LF:8
LH:7
BRDA:14,0,0,5
BRDA:14,0,1,5
BRDA:14,0,2,4
BRDA:14,1,0,0
BRDA:14,1,1,5
BRDA:14,2,0,5
BRDA:14,2,1,5
BRDA:18,3,0,5
BRDA:18,3,1,4
BRF:9
BRH:8
end_of_record
TN:
SF:src/utils/dateTime/getUnixTimestamp.ts
FN:1,(anonymous_0)
FNF:1
FNH:0
FNDA:0,(anonymous_0)
DA:1,1
DA:2,0
LF:2
LH:1
BRF:0
BRH:0
end_of_record
TN:
SF:src/utils/dateTime/getUnixTimestampWithAddedMilliseconds.ts
FN:1,(anonymous_0)
FNF:1
FNH:0
FNDA:0,(anonymous_0)
DA:1,1
DA:4,0
LF:2
LH:1
BRF:0
BRH:0
end_of_record
TN:
SF:src/utils/dateTime/getUnixTimestampWithAddedSeconds.ts
FN:1,(anonymous_0)
FNF:1
FNH:0
FNDA:0,(anonymous_0)
DA:1,1
DA:2,0
LF:2
LH:1
BRF:0
BRH:0
end_of_record
TN:
SF:src/utils/dateTime/index.ts
FNF:0
FNH:0
DA:1,1
DA:2,1
DA:3,1
LF:3
LH:3
BRF:0
BRH:0
end_of_record
TN:
SF:src/utils/decoders/base64Utils.ts
FN:1,isStringBase64
FN:9,encodeToBase64
FN:13,decodeBase64
FNF:3
FNH:1
FNDA:1,isStringBase64
FNDA:0,encodeToBase64
FNDA:0,decodeBase64
DA:1,1
DA:2,1
DA:3,1
DA:5,1
DA:9,1
DA:10,0
DA:13,1
DA:14,0
LF:8
LH:6
BRF:0
BRH:0
end_of_record
TN:
SF:src/utils/decoders/decodePart.ts
FN:1,(anonymous_0)
FN:8,decodePart
FNF:2
FNH:2
FNDA:5,(anonymous_0)
FNDA:5,decodePart
DA:1,2
DA:2,5
DA:3,18
DA:5,4
DA:8,2
DA:9,5
DA:11,5
DA:12,5
DA:14,5
DA:15,2
DA:19,5
LF:11
LH:11
BRDA:3,0,0,1
BRDA:14,1,0,2
BRDA:14,2,0,5
BRDA:14,2,1,4
BRF:4
BRH:4
end_of_record
TN:
SF:src/utils/internal/getLedgerErrorCodes.ts
FN:8,getLedgerErrorCodes
FNF:1
FNH:0
FNDA:0,getLedgerErrorCodes
DA:1,1
DA:3,1
DA:4,1
DA:5,1
DA:6,1
DA:8,1
DA:9,0
DA:10,0
DA:11,0
DA:12,0
DA:13,0
DA:17,0
LF:12
LH:6
BRDA:10,0,0,0
BRDA:10,1,0,0
BRDA:10,1,1,0
BRDA:10,2,0,0
BRDA:10,2,1,0
BRDA:11,3,0,0
BRDA:11,3,1,0
BRDA:11,4,0,0
BRDA:11,4,1,0
BRDA:13,5,0,0
BRDA:13,5,1,0
BRF:11
BRH:0
end_of_record
TN:
SF:src/utils/internal/getRandomAddressFromNetwork.ts
FN:1,getRandomAddressFromNetwork
FNF:1
FNH:0
FNDA:0,getRandomAddressFromNetwork
DA:1,1
DA:2,0
LF:2
LH:1
BRF:0
BRH:0
end_of_record
TN:
SF:src/utils/internal/index.ts
FNF:0
FNH:0
DA:1,1
DA:2,1
DA:3,1
LF:3
LH:3
BRF:0
BRH:0
end_of_record
TN:
SF:src/utils/internal/optionalRedirect.ts
FN:3,optionalRedirect
FN:10,(anonymous_1)
FNF:2
FNH:0
FNDA:0,optionalRedirect
FNDA:0,(anonymous_1)
DA:1,1
DA:3,1
DA:7,0
DA:9,0
DA:10,0
DA:11,0
DA:12,0
DA:13,0
DA:15,0
LF:9
LH:2
BRDA:9,0,0,0
BRDA:9,1,0,0
BRDA:9,1,1,0
BRDA:11,2,0,0
BRDA:12,3,0,0
BRDA:12,3,1,0
BRF:6
BRH:0
end_of_record
TN:
SF:src/utils/operations/calculateFeeLimit.ts
FN:25,calculateFeeLimit
FNF:1
FNH:1
FNDA:2,calculateFeeLimit
DA:1,1
DA:7,1
DA:8,1
DA:9,1
DA:21,1
DA:25,1
DA:35,2
DA:36,2
DA:37,2
DA:38,2
DA:49,2
DA:50,2
DA:51,2
DA:52,2
DA:53,2
DA:54,2
DA:55,2
DA:56,2
DA:58,0
LF:19
LH:18
BRDA:26,0,0,2
BRDA:32,1,0,1
BRDA:35,2,0,2
BRDA:35,2,1,0
BRDA:36,3,0,2
BRDA:36,3,1,0
BRDA:37,4,0,2
BRDA:37,4,1,0
BRF:8
BRH:5
end_of_record
TN:
SF:src/utils/operations/denominate.ts
FN:12,denominate
FN:42,(anonymous_2)
FN:51,(anonymous_3)
FN:63,(anonymous_4)
FN:69,(anonymous_5)
FN:87,(anonymous_6)
FN:111,(anonymous_7)
FN:141,(anonymous_8)
FNF:8
FNH:8
FNDA:35,denominate
FNDA:33,(anonymous_2)
FNDA:33,(anonymous_3)
FNDA:13,(anonymous_4)
FNDA:10,(anonymous_5)
FNDA:8,(anonymous_6)
FNDA:15,(anonymous_7)
FNDA:4,(anonymous_8)
DA:1,4
DA:2,4
DA:3,4
DA:7,4
DA:8,4
DA:10,4
DA:12,4
DA:27,35
DA:28,2
DA:31,33
DA:32,33
DA:34,33
DA:36,4
DA:39,33
DA:43,33
DA:52,33
DA:54,33
DA:55,3
DA:57,30
DA:58,30
DA:59,30
DA:61,30
DA:63,13
DA:69,10
DA:74,30
DA:80,30
DA:82,30
DA:88,8
DA:89,8
DA:91,8
DA:92,8
DA:93,8
DA:95,8
DA:96,1
DA:99,7
DA:100,1
DA:103,6
DA:104,2
DA:107,4
DA:112,15
DA:113,15
DA:115,15
DA:116,9
DA:118,9
DA:119,4
DA:122,4
DA:123,4
DA:126,5
DA:129,6
DA:130,1
DA:133,5
DA:138,30
DA:141,4
LF:53
LH:53
BRDA:14,0,0,6
BRDA:15,1,0,0
BRDA:16,2,0,2
BRDA:17,3,0,34
BRDA:18,4,0,14
BRDA:27,5,0,2
BRDA:34,6,0,4
BRDA:54,7,0,3
BRDA:59,8,0,30
BRDA:59,8,1,7
BRDA:62,9,0,30
BRDA:62,9,1,23
BRDA:65,10,0,30
BRDA:65,10,1,7
BRDA:68,11,0,30
BRDA:68,11,1,23
BRDA:74,12,0,30
BRDA:74,12,1,23
BRDA:74,12,2,20
BRDA:74,12,3,15
BRDA:74,12,4,15
BRDA:95,13,0,1
BRDA:99,14,0,1
BRDA:103,15,0,2
BRDA:110,16,0,30
BRDA:110,16,1,22
BRDA:115,17,0,9
BRDA:118,18,0,4
BRDA:129,19,0,1
BRF:29
BRH:28
end_of_record
TN:
SF:src/utils/operations/nominate.ts
FN:4,nominate
FNF:1
FNH:1
FNDA:6,nominate
DA:1,1
DA:2,1
DA:4,1
DA:8,6
LF:4
LH:4
BRDA:6,0,0,5
BRF:1
BRH:1
end_of_record
TN:
SF:src/utils/operations/pipe.ts
FN:1,pipe
FN:3,(anonymous_1)
FN:6,(anonymous_2)
FN:14,(anonymous_3)
FN:19,(anonymous_4)
FN:22,(anonymous_5)
FNF:6
FNH:6
FNDA:380,pipe
FNDA:217,(anonymous_1)
FNDA:71,(anonymous_2)
FNDA:146,(anonymous_3)
FNDA:68,(anonymous_4)
FNDA:95,(anonymous_5)
DA:1,5
DA:2,380
DA:4,217
DA:5,71
DA:8,71
DA:13,146
DA:14,146
DA:20,68
DA:23,95
LF:9
LH:9
BRDA:4,0,0,71
BRDA:4,0,1,146
BRDA:8,1,0,52
BRDA:8,1,1,19
BRDA:20,2,0,68
BRDA:20,2,1,0
BRF:6
BRH:5
end_of_record
TN:
SF:src/utils/operations/timeRemaining.ts
FN:3,getRemainingTime
FN:45,getShortDateTimeFormat
FN:53,timeRemaining
FN:62,timeAgo
FNF:4
FNH:3
FNDA:22,getRemainingTime
FNDA:11,getShortDateTimeFormat
FNDA:22,timeRemaining
FNDA:0,timeAgo
DA:1,2
DA:3,2
DA:4,22
DA:5,22
DA:6,22
DA:7,22
DA:8,22
DA:9,22
DA:10,22
DA:12,22
DA:13,22
DA:14,22
DA:15,22
DA:17,22
DA:18,22
DA:20,22
DA:21,22
DA:23,22
DA:24,0
DA:26,22
DA:27,0
DA:30,22
DA:31,0
DA:33,22
DA:34,12
DA:35,12
DA:37,10
DA:38,10
DA:39,10
DA:42,0
DA:46,11
DA:47,11
DA:48,11
DA:50,0
DA:53,2
DA:54,22
DA:55,22
DA:56,22
DA:57,22
DA:59,22
DA:62,2
DA:63,0
DA:64,0
DA:65,0
DA:67,0
DA:69,0
LF:46
LH:36
BRDA:17,0,0,22
BRDA:20,1,0,22
BRDA:23,2,0,0
BRDA:26,3,0,0
BRDA:30,4,0,0
BRDA:33,5,0,12
BRDA:34,6,0,0
BRDA:34,6,1,12
BRDA:37,7,0,10
BRDA:38,8,0,0
BRDA:38,8,1,10
BRDA:47,9,0,11
BRDA:53,10,0,3
BRDA:59,11,0,11
BRDA:59,11,1,11
BRDA:62,12,0,0
BRDA:69,13,0,0
BRDA:69,13,1,0
BRF:18
BRH:10
end_of_record
TN:
SF:src/utils/storage/index.ts
FNF:0
FNH:0
DA:1,1
DA:2,1
DA:4,1
LF:3
LH:3
BRF:0
BRH:0
end_of_record
TN:
SF:src/utils/storage/local.ts
FN:15,(anonymous_0)
FN:36,(anonymous_1)
FN:66,(anonymous_2)
FNF:3
FNH:0
FNDA:0,(anonymous_0)
FNDA:0,(anonymous_1)
FNDA:0,(anonymous_2)
DA:1,1
DA:3,1
DA:13,1
DA:15,1
DA:24,0
DA:25,0
DA:27,0
DA:36,1
DA:37,0
DA:38,0
DA:40,0
DA:41,0
DA:42,0
DA:45,0
DA:46,0
DA:47,0
DA:50,0
DA:54,0
DA:57,0
DA:58,0
DA:59,0
DA:60,0
DA:63,0
DA:66,1
DA:67,0
DA:68,0
DA:70,0
LF:27
LH:6
BRDA:24,0,0,0
BRDA:37,1,0,0
BRDA:41,2,0,0
BRDA:46,3,0,0
BRDA:50,4,0,0
BRDA:51,5,0,0
BRDA:51,5,1,0
BRDA:58,6,0,0
BRDA:67,7,0,0
BRF:9
BRH:0
end_of_record
TN:
SF:src/utils/storage/session.ts
FN:4,(anonymous_0)
FN:22,(anonymous_1)
FN:49,(anonymous_2)
FN:52,(anonymous_3)
FNF:4
FNH:0
FNDA:0,(anonymous_0)
FNDA:0,(anonymous_1)
FNDA:0,(anonymous_2)
FNDA:0,(anonymous_3)
DA:4,1
DA:13,0
DA:22,1
DA:23,0
DA:24,0
DA:25,0
DA:28,0
DA:29,0
DA:30,0
DA:33,0
DA:37,0
DA:40,0
DA:41,0
DA:42,0
DA:43,0
DA:46,0
DA:49,1
DA:50,0
DA:52,1
DA:54,1
LF:20
LH:5
BRDA:24,0,0,0
BRDA:29,1,0,0
BRDA:33,2,0,0
BRDA:34,3,0,0
BRDA:34,3,1,0
BRDA:41,4,0,0
BRF:6
BRH:0
end_of_record
TN:
SF:src/utils/transactions/getTokenFromData.ts
FN:12,(anonymous_1)
FN:16,(anonymous_2)
FN:22,getTokenFromData
FN:71,(anonymous_4)
FNF:4
FNH:4
FNDA:1,(anonymous_1)
FNDA:5,(anonymous_2)
FNDA:3,getTokenFromData
FNDA:4,(anonymous_4)
DA:1,1
DA:2,1
DA:3,1
DA:4,1
DA:5,1
DA:7,1
DA:12,1
DA:13,1
DA:14,1
DA:15,1
DA:16,1
DA:17,5
DA:19,1
DA:22,1
DA:31,3
DA:32,0
DA:35,3
DA:37,3
DA:39,3
DA:40,1
DA:41,1
DA:42,1
DA:44,1
DA:45,0
DA:48,1
DA:52,1
DA:57,0
DA:61,2
DA:62,1
DA:69,1
DA:70,1
DA:71,4
DA:74,1
DA:85,1
LF:34
LH:31
BRDA:17,0,0,2
BRDA:17,0,1,3
BRDA:31,1,0,0
BRDA:37,2,0,3
BRDA:37,2,1,1
BRDA:39,3,0,1
BRDA:44,4,0,0
BRDA:61,5,0,1
BRDA:70,6,0,1
BRDA:71,7,0,1
BRDA:71,7,1,1
BRF:11
BRH:9
end_of_record
TN:
SF:src/utils/transactions/transactionStateByStatus.ts
FN:36,getIsTransactionPending
FN:46,getIsTransactionSuccessful
FN:56,getIsTransactionFailed
FN:66,getIsTransactionTimedOut
FN:75,isBatchTransactionPending
FN:81,isBatchTransactionSuccessful
FN:87,isBatchTransactionFailed
FN:91,isBatchTransactionTimedOut
FN:97,isServerTransactionPending
FN:102,isServerTransactionSuccessful
FN:108,isServerTransactionFailed
FNF:11
FNH:0
FNDA:0,getIsTransactionPending
FNDA:0,getIsTransactionSuccessful
FNDA:0,getIsTransactionFailed
FNDA:0,getIsTransactionTimedOut
FNDA:0,isBatchTransactionPending
FNDA:0,isBatchTransactionSuccessful
FNDA:0,isBatchTransactionFailed
FNDA:0,isBatchTransactionTimedOut
FNDA:0,isServerTransactionPending
FNDA:0,isServerTransactionSuccessful
FNDA:0,isServerTransactionFailed
DA:1,1
DA:6,1
DA:9,1
DA:13,1
DA:19,1
DA:23,1
DA:27,1
DA:31,1
DA:36,1
DA:39,0
DA:46,1
DA:49,0
DA:56,1
DA:59,0
DA:66,1
DA:69,0
DA:75,1
DA:78,0
DA:81,1
DA:84,0
DA:87,1
DA:88,0
DA:91,1
DA:94,0
DA:97,1
DA:100,0
DA:102,1
DA:105,0
DA:108,1
DA:111,0
LF:30
LH:19
BRDA:40,0,0,0
BRDA:40,0,1,0
BRDA:40,0,2,0
BRDA:50,1,0,0
BRDA:50,1,1,0
BRDA:50,1,2,0
BRDA:60,2,0,0
BRDA:60,2,1,0
BRDA:60,2,2,0
BRDA:70,3,0,0
BRDA:70,3,1,0
BRDA:78,4,0,0
BRDA:78,4,1,0
BRDA:84,5,0,0
BRDA:84,5,1,0
BRDA:88,6,0,0
BRDA:88,6,1,0
BRDA:94,7,0,0
BRDA:94,7,1,0
BRDA:100,8,0,0
BRDA:100,8,1,0
BRDA:105,9,0,0
BRDA:105,9,1,0
BRDA:111,10,0,0
BRDA:111,10,1,0
BRF:25
BRH:0
end_of_record
TN:
SF:src/utils/validation/getIdentifierType.ts
FN:10,getIdentifierType
FNF:1
FNH:0
FNDA:0,getIdentifierType
DA:1,1
DA:2,1
DA:4,1
DA:10,1
DA:17,0
DA:19,0
DA:20,0
DA:25,0
DA:26,0
DA:31,0
LF:10
LH:4
BRDA:17,0,0,0
BRDA:17,0,1,0
BRDA:17,1,0,0
BRDA:17,1,1,0
BRDA:19,2,0,0
BRDA:25,3,0,0
BRF:6
BRH:0
end_of_record
TN:
SF:src/utils/validation/index.ts
FNF:0
FNH:0
DA:1,1
DA:2,1
DA:3,1
DA:4,1
LF:4
LH:4
BRF:0
BRH:0
end_of_record
TN:
SF:src/utils/validation/maxDecimals.ts
FN:3,(anonymous_0)
FNF:1
FNH:0
FNDA:0,(anonymous_0)
DA:1,1
DA:3,1
DA:5,0
DA:6,0
DA:14,0
DA:16,0
LF:6
LH:2
BRDA:5,0,0,0
BRDA:5,0,1,0
BRDA:6,1,0,0
BRDA:7,2,0,0
BRDA:7,2,1,0
BRDA:7,2,2,0
BRF:6
BRH:0
end_of_record
TN:
SF:src/utils/validation/stringIsFloat.ts
FN:3,(anonymous_1)
FNF:1
FNH:1
FNDA:18,(anonymous_1)
DA:1,2
DA:3,2
DA:4,18
DA:5,3
DA:7,15
DA:8,1
DA:12,14
DA:13,14
DA:14,5
DA:15,1
DA:18,14
DA:19,14
DA:20,14
LF:13
LH:13
BRDA:4,0,0,3
BRDA:7,1,0,1
BRDA:13,2,0,5
BRDA:18,3,0,5
BRDA:18,3,1,9
BRDA:20,4,0,14
BRDA:20,4,1,10
BRF:7
BRH:7
end_of_record
TN:
SF:src/utils/validation/stringIsInteger.ts
FN:3,(anonymous_1)
FNF:1
FNH:1
FNDA:61,(anonymous_1)
DA:1,6
DA:3,6
DA:7,61
DA:8,61
DA:9,11
DA:11,50
DA:12,50
DA:13,50
LF:8
LH:8
BRDA:5,0,0,24
BRDA:8,1,0,11
BRDA:12,2,0,14
BRDA:12,2,1,36
BRDA:14,3,0,50
BRDA:14,3,1,48
BRF:6
BRH:6
end_of_record
